This is pdfTeX, Version 3.14159265-2.6-1.40.19 (TeX Live 2018) (preloaded format=pdflatex 2018.4.16)  17 FEB 2020 21:14
entering extended mode
 \write18 enabled.
 file:line:error style messages enabled.
 %&-line parsing enabled.
**template.tex
(./template.tex
LaTeX2e <2018-04-01> patch level 2
Babel <3.18> and hyphenation patterns for 84 language(s) loaded.
(./ucsd.cls
Document Class: ucsd 2010/06/01 V3.7 University of California, San Diego, Dissertation Class
(./uct12.clo)
\descriptionmargin=\dimen102
\c@part=\count80
\c@chapter=\count81
\c@section=\count82
\c@subsection=\count83
\c@subsubsection=\count84
\c@paragraph=\count85
\c@subparagraph=\count86
\@chapterlength=\skip41
\UCSD@toc@frontmatterLength=\skip42
\UCSD@toc@backmatterLength=\skip43
\@subsectionlength=\skip44
\@subsubsectionlength=\skip45
\@paragraphlength=\skip46
\@subparagraphlength=\skip47
\@figurelength=\skip48
\@tablelength=\skip49
\c@figure=\count87
\c@table=\count88
) (/usr/local/texlive/2018/texmf-dist/tex/latex/amsmath/amsmath.sty
Package: amsmath 2017/09/02 v2.17a AMS math features
\@mathmargin=\skip50

For additional information on amsmath, use the `?' option.
(/usr/local/texlive/2018/texmf-dist/tex/latex/amsmath/amstext.sty
Package: amstext 2000/06/29 v2.01 AMS text
 (/usr/local/texlive/2018/texmf-dist/tex/latex/amsmath/amsgen.sty
File: amsgen.sty 1999/11/30 v2.0 generic functions
\@emptytoks=\toks14
\ex@=\dimen103
)) (/usr/local/texlive/2018/texmf-dist/tex/latex/amsmath/amsbsy.sty
Package: amsbsy 1999/11/29 v1.2d Bold Symbols
\pmbraise@=\dimen104
) (/usr/local/texlive/2018/texmf-dist/tex/latex/amsmath/amsopn.sty
Package: amsopn 2016/03/08 v2.02 operator names
)
\inf@bad=\count89
LaTeX Info: Redefining \frac on input line 213.
\uproot@=\count90
\leftroot@=\count91
LaTeX Info: Redefining \overline on input line 375.
\classnum@=\count92
\DOTSCASE@=\count93
LaTeX Info: Redefining \ldots on input line 472.
LaTeX Info: Redefining \dots on input line 475.
LaTeX Info: Redefining \cdots on input line 596.
\Mathstrutbox@=\box26
\strutbox@=\box27
\big@size=\dimen105
LaTeX Font Info:    Redeclaring font encoding OML on input line 712.
LaTeX Font Info:    Redeclaring font encoding OMS on input line 713.
\macc@depth=\count94
\c@MaxMatrixCols=\count95
\dotsspace@=\muskip10
\c@parentequation=\count96
\dspbrk@lvl=\count97
\tag@help=\toks15
\row@=\count98
\column@=\count99
\maxfields@=\count100
\andhelp@=\toks16
\eqnshift@=\dimen106
\alignsep@=\dimen107
\tagshift@=\dimen108
\tagwidth@=\dimen109
\totwidth@=\dimen110
\lineht@=\dimen111
\@envbody=\toks17
\multlinegap=\skip51
\multlinetaggap=\skip52
\mathdisplay@stack=\toks18
LaTeX Info: Redefining \[ on input line 2817.
LaTeX Info: Redefining \] on input line 2818.
) (/usr/local/texlive/2018/texmf-dist/tex/latex/amsmath/amscd.sty
Package: amscd 2017/04/14 v2.1 AMS Commutative Diagrams
\athelp@=\toks19
\minaw@=\dimen112
\bigaw@=\dimen113
\minCDarrowwidth=\dimen114
) (/usr/local/texlive/2018/texmf-dist/tex/latex/amsfonts/amssymb.sty
Package: amssymb 2013/01/14 v3.01 AMS font symbols
 (/usr/local/texlive/2018/texmf-dist/tex/latex/amsfonts/amsfonts.sty
Package: amsfonts 2013/01/14 v3.01 Basic AMSFonts support
\symAMSa=\mathgroup4
\symAMSb=\mathgroup5
LaTeX Font Info:    Overwriting math alphabet `\mathfrak' in version `bold'
(Font)                  U/euf/m/n --> U/euf/b/n on input line 106.
)) (/usr/local/texlive/2018/texmf-dist/tex/latex/amscls/amsthm.sty
Package: amsthm 2017/10/31 v2.20.4
\thm@style=\toks20
\thm@bodyfont=\toks21
\thm@headfont=\toks22
\thm@notefont=\toks23
\thm@headpunct=\toks24
\thm@preskip=\skip53
\thm@postskip=\skip54
\thm@headsep=\skip55
\dth@everypar=\toks25
) (/usr/local/texlive/2018/texmf-dist/tex/latex/koma-script/scrextend.sty
Package: scrextend 2018/03/30 v3.25 KOMA-Script package (extend other classes with features of KOMA-Script classes)
 (/usr/local/texlive/2018/texmf-dist/tex/latex/koma-script/scrkbase.sty
Package: scrkbase 2018/03/30 v3.25 KOMA-Script package (KOMA-Script-dependent basics and keyval usage)
 (/usr/local/texlive/2018/texmf-dist/tex/latex/koma-script/scrbase.sty
Package: scrbase 2018/03/30 v3.25 KOMA-Script package (KOMA-Script-independent basics and keyval usage)
 (/usr/local/texlive/2018/texmf-dist/tex/latex/graphics/keyval.sty
Package: keyval 2014/10/28 v1.15 key=value parser (DPC)
\KV@toks@=\toks26
) (/usr/local/texlive/2018/texmf-dist/tex/latex/koma-script/scrlfile.sty
Package: scrlfile 2018/03/30 v3.25 KOMA-Script package (loading files)
)))) (/usr/local/texlive/2018/texmf-dist/tex/latex/pslatex/pslatex.sty
Package: pslatex 1996/07/24 v1.2 pslatex emulation (DPC)
LaTeX Font Info:    Redeclaring symbol font `operators' on input line 65.
LaTeX Font Info:    Overwriting symbol font `operators' in version `normal'
(Font)                  OT1/cmr/m/n --> OT1/ptmcm/m/n on input line 65.
LaTeX Font Info:    Overwriting symbol font `operators' in version `bold'
(Font)                  OT1/cmr/bx/n --> OT1/ptmcm/m/n on input line 65.
LaTeX Font Info:    Redeclaring symbol font `letters' on input line 66.
LaTeX Font Info:    Overwriting symbol font `letters' in version `normal'
(Font)                  OML/cmm/m/it --> OML/ptmcm/m/it on input line 66.
LaTeX Font Info:    Overwriting symbol font `letters' in version `bold'
(Font)                  OML/cmm/b/it --> OML/ptmcm/m/it on input line 66.
LaTeX Font Info:    Redeclaring symbol font `symbols' on input line 67.
LaTeX Font Info:    Overwriting symbol font `symbols' in version `normal'
(Font)                  OMS/cmsy/m/n --> OMS/pzccm/m/n on input line 67.
LaTeX Font Info:    Overwriting symbol font `symbols' in version `bold'
(Font)                  OMS/cmsy/b/n --> OMS/pzccm/m/n on input line 67.
LaTeX Font Info:    Redeclaring symbol font `largesymbols' on input line 68.
LaTeX Font Info:    Overwriting symbol font `largesymbols' in version `normal'
(Font)                  OMX/cmex/m/n --> OMX/psycm/m/n on input line 68.
LaTeX Font Info:    Overwriting symbol font `largesymbols' in version `bold'
(Font)                  OMX/cmex/m/n --> OMX/psycm/m/n on input line 68.
\symbold=\mathgroup6
\symitalic=\mathgroup7
LaTeX Font Info:    Redeclaring math alphabet \mathbf on input line 74.
LaTeX Font Info:    Overwriting math alphabet `\mathbf' in version `normal'
(Font)                  OT1/cmr/bx/n --> OT1/ptm/bx/n on input line 74.
LaTeX Font Info:    Overwriting math alphabet `\mathbf' in version `bold'
(Font)                  OT1/cmr/bx/n --> OT1/ptm/bx/n on input line 74.
LaTeX Font Info:    Redeclaring math alphabet \mathit on input line 75.
LaTeX Font Info:    Overwriting math alphabet `\mathit' in version `normal'
(Font)                  OT1/cmr/m/it --> OT1/ptm/m/it on input line 75.
LaTeX Font Info:    Overwriting math alphabet `\mathit' in version `bold'
(Font)                  OT1/cmr/bx/it --> OT1/ptm/m/it on input line 75.
) (/usr/local/texlive/2018/texmf-dist/tex/latex/graphics/graphicx.sty
Package: graphicx 2017/06/01 v1.1a Enhanced LaTeX Graphics (DPC,SPQR)
 (/usr/local/texlive/2018/texmf-dist/tex/latex/graphics/graphics.sty
Package: graphics 2017/06/25 v1.2c Standard LaTeX Graphics (DPC,SPQR)
 (/usr/local/texlive/2018/texmf-dist/tex/latex/graphics/trig.sty
Package: trig 2016/01/03 v1.10 sin cos tan (DPC)
) (/usr/local/texlive/2018/texmf-dist/tex/latex/graphics-cfg/graphics.cfg
File: graphics.cfg 2016/06/04 v1.11 sample graphics configuration
)
Package graphics Info: Driver file: pdftex.def on input line 99.
 (/usr/local/texlive/2018/texmf-dist/tex/latex/graphics-def/pdftex.def
File: pdftex.def 2018/01/08 v1.0l Graphics/color driver for pdftex
))
\Gin@req@height=\dimen115
\Gin@req@width=\dimen116
) (/usr/local/texlive/2018/texmf-dist/tex/latex/siunitx/siunitx.sty (/usr/local/texlive/2018/texmf-dist/tex/latex/l3kernel/expl3.sty
Package: expl3 2018/03/05 L3 programming layer (loader) 
 (/usr/local/texlive/2018/texmf-dist/tex/latex/l3kernel/expl3-code.tex
Package: expl3 2018/03/05 L3 programming layer (code)
\c_max_int=\count101
\l_tmpa_int=\count102
\l_tmpb_int=\count103
\g_tmpa_int=\count104
\g_tmpb_int=\count105
\g__intarray_font_int=\count106
\g__prg_map_int=\count107
\c_log_iow=\count108
\l_iow_line_count_int=\count109
\l__iow_line_target_int=\count110
\l__iow_one_indent_int=\count111
\l__iow_indent_int=\count112
\c_zero_dim=\dimen117
\c_max_dim=\dimen118
\l_tmpa_dim=\dimen119
\l_tmpb_dim=\dimen120
\g_tmpa_dim=\dimen121
\g_tmpb_dim=\dimen122
\c_zero_skip=\skip56
\c_max_skip=\skip57
\l_tmpa_skip=\skip58
\l_tmpb_skip=\skip59
\g_tmpa_skip=\skip60
\g_tmpb_skip=\skip61
\c_zero_muskip=\muskip11
\c_max_muskip=\muskip12
\l_tmpa_muskip=\muskip13
\l_tmpb_muskip=\muskip14
\g_tmpa_muskip=\muskip15
\g_tmpb_muskip=\muskip16
\l_keys_choice_int=\count113
\c__fp_leading_shift_int=\count114
\c__fp_middle_shift_int=\count115
\c__fp_trailing_shift_int=\count116
\c__fp_big_leading_shift_int=\count117
\c__fp_big_middle_shift_int=\count118
\c__fp_big_trailing_shift_int=\count119
\c__fp_Bigg_leading_shift_int=\count120
\c__fp_Bigg_middle_shift_int=\count121
\c__fp_Bigg_trailing_shift_int=\count122
\c__fp_rand_size_int=\count123
\c__fp_rand_four_int=\count124
\c__fp_rand_eight_int=\count125
\l__sort_length_int=\count126
\l__sort_min_int=\count127
\l__sort_top_int=\count128
\l__sort_max_int=\count129
\l__sort_true_max_int=\count130
\l__sort_block_int=\count131
\l__sort_begin_int=\count132
\l__sort_end_int=\count133
\l__sort_A_int=\count134
\l__sort_B_int=\count135
\l__sort_C_int=\count136
\l__tl_build_start_index_int=\count137
\l__tl_build_index_int=\count138
\l__tl_analysis_normal_int=\count139
\l__tl_analysis_index_int=\count140
\l__tl_analysis_nesting_int=\count141
\l__tl_analysis_type_int=\count142
\l__regex_internal_a_int=\count143
\l__regex_internal_b_int=\count144
\l__regex_internal_c_int=\count145
\l__regex_balance_int=\count146
\l__regex_group_level_int=\count147
\l__regex_mode_int=\count148
\c__regex_cs_in_class_mode_int=\count149
\c__regex_cs_mode_int=\count150
\l__regex_catcodes_int=\count151
\l__regex_default_catcodes_int=\count152
\c__regex_catcode_D_int=\count153
\c__regex_catcode_S_int=\count154
\c__regex_catcode_L_int=\count155
\c__regex_catcode_O_int=\count156
\c__regex_catcode_A_int=\count157
\c__regex_all_catcodes_int=\count158
\l__regex_show_lines_int=\count159
\l__regex_min_state_int=\count160
\l__regex_max_state_int=\count161
\l__regex_left_state_int=\count162
\l__regex_right_state_int=\count163
\l__regex_capturing_group_int=\count164
\l__regex_min_pos_int=\count165
\l__regex_max_pos_int=\count166
\l__regex_curr_pos_int=\count167
\l__regex_start_pos_int=\count168
\l__regex_success_pos_int=\count169
\l__regex_curr_char_int=\count170
\l__regex_curr_catcode_int=\count171
\l__regex_last_char_int=\count172
\l__regex_case_changed_char_int=\count173
\l__regex_curr_state_int=\count174
\l__regex_step_int=\count175
\l__regex_min_active_int=\count176
\l__regex_max_active_int=\count177
\l__regex_replacement_csnames_int=\count178
\l__regex_match_count_int=\count179
\l__regex_min_submatch_int=\count180
\l__regex_submatch_int=\count181
\l__regex_zeroth_submatch_int=\count182
\g__regex_trace_regex_int=\count183
\c_empty_box=\box28
\l_tmpa_box=\box29
\l_tmpb_box=\box30
\g_tmpa_box=\box31
\g_tmpb_box=\box32
\l__box_top_dim=\dimen123
\l__box_bottom_dim=\dimen124
\l__box_left_dim=\dimen125
\l__box_right_dim=\dimen126
\l__box_top_new_dim=\dimen127
\l__box_bottom_new_dim=\dimen128
\l__box_left_new_dim=\dimen129
\l__box_right_new_dim=\dimen130
\l__box_internal_box=\box33
\l__coffin_internal_box=\box34
\l__coffin_internal_dim=\dimen131
\l__coffin_offset_x_dim=\dimen132
\l__coffin_offset_y_dim=\dimen133
\l__coffin_x_dim=\dimen134
\l__coffin_y_dim=\dimen135
\l__coffin_x_prime_dim=\dimen136
\l__coffin_y_prime_dim=\dimen137
\c_empty_coffin=\box35
\l__coffin_aligned_coffin=\box36
\l__coffin_aligned_internal_coffin=\box37
\l_tmpa_coffin=\box38
\l_tmpb_coffin=\box39
\l__coffin_display_coffin=\box40
\l__coffin_display_coord_coffin=\box41
\l__coffin_display_pole_coffin=\box42
\l__coffin_display_offset_dim=\dimen138
\l__coffin_display_x_dim=\dimen139
\l__coffin_display_y_dim=\dimen140
\l__coffin_bounding_shift_dim=\dimen141
\l__coffin_left_corner_dim=\dimen142
\l__coffin_right_corner_dim=\dimen143
\l__coffin_bottom_corner_dim=\dimen144
\l__coffin_top_corner_dim=\dimen145
\l__coffin_scaled_total_height_dim=\dimen146
\l__coffin_scaled_width_dim=\dimen147
) (/usr/local/texlive/2018/texmf-dist/tex/latex/l3kernel/l3pdfmode.def
File: l3pdfmode.def 2017/03/18 v L3 Experimental driver: PDF mode
\l__driver_color_stack_int=\count184
)) (/usr/local/texlive/2018/texmf-dist/tex/latex/l3packages/xparse/xparse.sty
Package: xparse 2018/02/21 L3 Experimental document command parser
\l__xparse_current_arg_int=\count185
\g__xparse_grabber_int=\count186
\l__xparse_m_args_int=\count187
\l__xparse_mandatory_args_int=\count188
\l__xparse_v_nesting_int=\count189
)
Package: siunitx 2018-03-20 v2.7m A comprehensive (SI) units package
 (/usr/local/texlive/2018/texmf-dist/tex/latex/tools/array.sty
Package: array 2018/04/07 v2.4g Tabular extension package (FMi)
\col@sep=\dimen148
\ar@mcellbox=\box43
\extrarowheight=\dimen149
\NC@list=\toks27
\extratabsurround=\skip62
\backup@length=\skip63
\ar@cellbox=\box44
) (/usr/local/texlive/2018/texmf-dist/tex/latex/l3packages/l3keys2e/l3keys2e.sty
Package: l3keys2e 2018/02/21 LaTeX2e option processing using LaTeX3 keys
)
\l__siunitx_tmp_box=\box45
\l__siunitx_tmp_dim=\dimen150
\l__siunitx_tmp_int=\count190
\l__siunitx_number_mantissa_length_int=\count191
\l__siunitx_number_uncert_length_int=\count192
\l__siunitx_round_int=\count193
\l__siunitx_process_decimal_int=\count194
\l__siunitx_process_uncertainty_int=\count195
\l__siunitx_process_fixed_int=\count196
\l__siunitx_process_integer_min_int=\count197
\l__siunitx_process_precision_int=\count198
\l__siunitx_group_min_int=\count199
\l__siunitx_angle_marker_box=\box46
\l__siunitx_angle_unit_box=\box47
\l__siunitx_angle_marker_dim=\dimen151
\l__siunitx_angle_unit_dim=\dimen152
\l__siunitx_unit_int=\count266
\l__siunitx_unit_denominator_int=\count267
\l__siunitx_unit_numerator_int=\count268
\l__siunitx_unit_prefix_int=\count269
\l__siunitx_unit_prefix_base_int=\count270
\l__siunitx_unit_prefix_gram_int=\count271
\l__siunitx_number_product_int=\count272
\c__siunitx_one_fill_skip=\skip64
\l__siunitx_table_unit_align_skip=\skip65
\l__siunitx_table_exponent_dim=\dimen153
\l__siunitx_table_integer_dim=\dimen154
\l__siunitx_table_mantissa_dim=\dimen155
\l__siunitx_table_marker_dim=\dimen156
\l__siunitx_table_result_dim=\dimen157
\l__siunitx_table_uncert_dim=\dimen158
\l__siunitx_table_fill_pre_dim=\dimen159
\l__siunitx_table_fill_post_dim=\dimen160
\l__siunitx_table_fill_mid_dim=\dimen161
\l__siunitx_table_pre_box=\box48
\l__siunitx_table_post_box=\box49
\l__siunitx_table_mantissa_box=\box50
\l__siunitx_table_result_box=\box51
\l__siunitx_table_number_align_skip=\skip66
\l__siunitx_table_text_align_skip=\skip67
.................................................
. LaTeX info: "xparse/define-command"
. 
. Defining command \DeclareBinaryPrefix with sig. 'mmm' on line 7244.
.................................................
.................................................
. LaTeX info: "xparse/define-command"
. 
. Defining command \DeclareSIPostPower with sig. 'mm' on line 7247.
.................................................
.................................................
. LaTeX info: "xparse/define-command"
. 
. Defining command \DeclareSIPrefix with sig. 'mmm' on line 7250.
.................................................
.................................................
. LaTeX info: "xparse/define-command"
. 
. Defining command \DeclareSIPrePower with sig. 'mm' on line 7253.
.................................................
.................................................
. LaTeX info: "xparse/define-command"
. 
. Defining command \DeclareSIQualifier with sig. 'mm' on line 7256.
.................................................
.................................................
. LaTeX info: "xparse/define-command"
. 
. Defining command \DeclareSIUnit with sig. 'O{}mm' on line 7259.
.................................................
.................................................
. LaTeX info: "xparse/define-command"
. 
. Defining command \DeclareSIUnitWithOptions with sig. 'mmm' on line 7262.
.................................................
.................................................
. LaTeX info: "xparse/define-command"
. 
. Defining command \ang with sig. 'o>{\SplitArgument {2}{;}}m' on line 7277.
.................................................
.................................................
. LaTeX info: "xparse/define-command"
. 
. Defining command \num with sig. 'om' on line 7286.
.................................................
.................................................
. LaTeX info: "xparse/define-command"
. 
. Defining command \numlist with sig. 'o>{\SplitList {;}}m' on line 7295.
.................................................
.................................................
. LaTeX info: "xparse/define-command"
. 
. Defining command \numrange with sig. 'omm' on line 7304.
.................................................
.................................................
. LaTeX info: "xparse/define-command"
. 
. Defining command \SIlist with sig. 'o>{\SplitList {;}}mm' on line 7316.
.................................................
.................................................
. LaTeX info: "xparse/define-command"
. 
. Defining command \SIrange with sig. 'ommm' on line 7328.
.................................................
.................................................
. LaTeX info: "xparse/define-command"
. 
. Defining command \SI with sig. 'omom' on line 7340.
.................................................
.................................................
. LaTeX info: "xparse/define-command"
. 
. Defining command \sisetup with sig. 'm' on line 7343.
.................................................
.................................................
. LaTeX info: "xparse/define-command"
. 
. Defining command \tablenum with sig. 'om' on line 7358.
.................................................
.................................................
. LaTeX info: "xparse/define-command"
. 
. Defining command \si with sig. 'om' on line 7370.
.................................................
.................................................
. LaTeX info: "xparse/define-command"
. 
. Defining command \numInBookmark with sig. 'om' on line 7417.
.................................................
.................................................
. LaTeX info: "xparse/define-command"
. 
. Defining command \numrangeInBookmark with sig. 'omm' on line 7419.
.................................................
.................................................
. LaTeX info: "xparse/define-command"
. 
. Defining command \SIInBookmark with sig. 'omom' on line 7421.
.................................................
.................................................
. LaTeX info: "xparse/define-command"
. 
. Defining command \SIlistInBookmark with sig. 'omm' on line 7423.
.................................................
.................................................
. LaTeX info: "xparse/define-command"
. 
. Defining command \SIrangeInBookmark with sig. 'ommm' on line 7425.
.................................................
.................................................
. LaTeX info: "xparse/define-command"
. 
. Defining command \siInBookmark with sig. 'om' on line 7426.
.................................................
\g__file_internal_ior=\read1
 (/usr/local/texlive/2018/texmf-dist/tex/latex/translator/translator.sty
Package: translator 2018/01/04 v1.12 Easy translation of strings in LaTeX
)) (/usr/local/texlive/2018/texmf-dist/tex/latex/mathtools/mathtools.sty
Package: mathtools 2018/01/08 v1.21 mathematical typesetting tools
 (/usr/local/texlive/2018/texmf-dist/tex/latex/tools/calc.sty
Package: calc 2017/05/25 v4.3 Infix arithmetic (KKT,FJ)
\calc@Acount=\count273
\calc@Bcount=\count274
\calc@Adimen=\dimen162
\calc@Bdimen=\dimen163
\calc@Askip=\skip68
\calc@Bskip=\skip69
LaTeX Info: Redefining \setlength on input line 80.
LaTeX Info: Redefining \addtolength on input line 81.
\calc@Ccount=\count275
\calc@Cskip=\skip70
)
(/usr/local/texlive/2018/texmf-dist/tex/latex/mathtools/mhsetup.sty
Package: mhsetup 2017/03/31 v1.3 programming setup (MH)
)
LaTeX Info: Thecontrolsequence`\('isalreadyrobust on input line 129.
LaTeX Info: Thecontrolsequence`\)'isalreadyrobust on input line 129.
LaTeX Info: Thecontrolsequence`\['isalreadyrobust on input line 129.
LaTeX Info: Thecontrolsequence`\]'isalreadyrobust on input line 129.
\g_MT_multlinerow_int=\count276
\l_MT_multwidth_dim=\dimen164
\origjot=\skip71
\l_MT_shortvdotswithinadjustabove_dim=\dimen165
\l_MT_shortvdotswithinadjustbelow_dim=\dimen166
\l_MT_above_intertext_sep=\dimen167
\l_MT_below_intertext_sep=\dimen168
\l_MT_above_shortintertext_sep=\dimen169
\l_MT_below_shortintertext_sep=\dimen170
) (/usr/local/texlive/2018/texmf-dist/tex/latex/setspace/setspace.sty
Package: setspace 2011/12/19 v6.7a set line spacing
) (/usr/local/texlive/2018/texmf-dist/tex/latex/caption/caption.sty
Package: caption 2016/02/21 v3.3-144 Customizing captions (AR)
 (/usr/local/texlive/2018/texmf-dist/tex/latex/caption/caption3.sty
Package: caption3 2016/05/22 v1.7-166 caption3 kernel (AR)
Package caption3 Info: TeX engine: e-TeX on input line 67.
\captionmargin=\dimen171
\captionmargin@=\dimen172
\captionwidth=\dimen173
\caption@tempdima=\dimen174
\caption@indent=\dimen175
\caption@parindent=\dimen176
\caption@hangindent=\dimen177
\abovecaptionskip=\skip72
\belowcaptionskip=\skip73
Package caption Info: Unknown document class (or package),
(caption)             standard defaults will be used.
)

Package caption Warning: Unsupported document class (or package) detected,
(caption)                usage of the caption package is not recommended.
See the caption package documentation for explanation.

Package caption Info: \@makecaption = \long macro:#1#2->\par \ifdim \prevdepth >-\p@ \vskip 10\p@ \relax \fi \setbox \@tempboxa \hbox {\vbox to\topskip {}#1: #2\unskip \strut }\ifdim \wd \@tempboxa >\hsize {\ssp #1: #2\unskip \strut \par } \else \hbox to\hsize {\hfil \unhbox \@tempboxa \hfil }\fi .
\c@ContinuedFloat=\count277
) (/usr/local/texlive/2018/texmf-dist/tex/latex/lm/lmodern.sty
Package: lmodern 2009/10/30 v1.6 Latin Modern Fonts
LaTeX Font Info:    Overwriting symbol font `operators' in version `normal'
(Font)                  OT1/ptmcm/m/n --> OT1/lmr/m/n on input line 22.
LaTeX Font Info:    Overwriting symbol font `letters' in version `normal'
(Font)                  OML/ptmcm/m/it --> OML/lmm/m/it on input line 23.
LaTeX Font Info:    Overwriting symbol font `symbols' in version `normal'
(Font)                  OMS/pzccm/m/n --> OMS/lmsy/m/n on input line 24.
LaTeX Font Info:    Overwriting symbol font `largesymbols' in version `normal'
(Font)                  OMX/psycm/m/n --> OMX/lmex/m/n on input line 25.
LaTeX Font Info:    Overwriting symbol font `operators' in version `bold'
(Font)                  OT1/ptmcm/m/n --> OT1/lmr/bx/n on input line 26.
LaTeX Font Info:    Overwriting symbol font `letters' in version `bold'
(Font)                  OML/ptmcm/m/it --> OML/lmm/b/it on input line 27.
LaTeX Font Info:    Overwriting symbol font `symbols' in version `bold'
(Font)                  OMS/pzccm/m/n --> OMS/lmsy/b/n on input line 28.
LaTeX Font Info:    Overwriting symbol font `largesymbols' in version `bold'
(Font)                  OMX/psycm/m/n --> OMX/lmex/m/n on input line 29.
LaTeX Font Info:    Overwriting math alphabet `\mathbf' in version `normal'
(Font)                  OT1/ptm/bx/n --> OT1/lmr/bx/n on input line 31.
LaTeX Font Info:    Overwriting math alphabet `\mathsf' in version `normal'
(Font)                  OT1/cmss/m/n --> OT1/lmss/m/n on input line 32.
LaTeX Font Info:    Overwriting math alphabet `\mathit' in version `normal'
(Font)                  OT1/ptm/m/it --> OT1/lmr/m/it on input line 33.
LaTeX Font Info:    Overwriting math alphabet `\mathtt' in version `normal'
(Font)                  OT1/cmtt/m/n --> OT1/lmtt/m/n on input line 34.
LaTeX Font Info:    Overwriting math alphabet `\mathbf' in version `bold'
(Font)                  OT1/ptm/bx/n --> OT1/lmr/bx/n on input line 35.
LaTeX Font Info:    Overwriting math alphabet `\mathsf' in version `bold'
(Font)                  OT1/cmss/bx/n --> OT1/lmss/bx/n on input line 36.
LaTeX Font Info:    Overwriting math alphabet `\mathit' in version `bold'
(Font)                  OT1/ptm/m/it --> OT1/lmr/bx/it on input line 37.
LaTeX Font Info:    Overwriting math alphabet `\mathtt' in version `bold'
(Font)                  OT1/cmtt/m/n --> OT1/lmtt/m/n on input line 38.
) (/usr/local/texlive/2018/texmf-dist/tex/latex/hyperref/hyperref.sty
Package: hyperref 2018/02/06 v6.86b Hypertext links for LaTeX
 (/usr/local/texlive/2018/texmf-dist/tex/generic/oberdiek/hobsub-hyperref.sty
Package: hobsub-hyperref 2016/05/16 v1.14 Bundle oberdiek, subset hyperref (HO)
 (/usr/local/texlive/2018/texmf-dist/tex/generic/oberdiek/hobsub-generic.sty
Package: hobsub-generic 2016/05/16 v1.14 Bundle oberdiek, subset generic (HO)
Package: hobsub 2016/05/16 v1.14 Construct package bundles (HO)
Package: infwarerr 2016/05/16 v1.4 Providing info/warning/error messages (HO)
Package: ltxcmds 2016/05/16 v1.23 LaTeX kernel commands for general use (HO)
Package: ifluatex 2016/05/16 v1.4 Provides the ifluatex switch (HO)
Package ifluatex Info: LuaTeX not detected.
Package: ifvtex 2016/05/16 v1.6 Detect VTeX and its facilities (HO)
Package ifvtex Info: VTeX not detected.
Package: intcalc 2016/05/16 v1.2 Expandable calculations with integers (HO)
Package: ifpdf 2017/03/15 v3.2 Provides the ifpdf switch
Package: etexcmds 2016/05/16 v1.6 Avoid name clashes with e-TeX commands (HO)
Package etexcmds Info: Could not find \expanded.
(etexcmds)             That can mean that you are not using pdfTeX 1.50 or
(etexcmds)             that some package has redefined \expanded.
(etexcmds)             In the latter case, load this package earlier.
Package: kvsetkeys 2016/05/16 v1.17 Key value parser (HO)
Package: kvdefinekeys 2016/05/16 v1.4 Define keys (HO)
Package: pdftexcmds 2018/01/30 v0.27 Utility functions of pdfTeX for LuaTeX (HO)
Package pdftexcmds Info: LuaTeX not detected.
Package pdftexcmds Info: \pdf@primitive is available.
Package pdftexcmds Info: \pdf@ifprimitive is available.
Package pdftexcmds Info: \pdfdraftmode found.
Package: pdfescape 2016/05/16 v1.14 Implements pdfTeX's escape features (HO)
Package: bigintcalc 2016/05/16 v1.4 Expandable calculations on big integers (HO)
Package: bitset 2016/05/16 v1.2 Handle bit-vector datatype (HO)
Package: uniquecounter 2016/05/16 v1.3 Provide unlimited unique counter (HO)
)
Package hobsub Info: Skipping package `hobsub' (already loaded).
Package: letltxmacro 2016/05/16 v1.5 Let assignment for LaTeX macros (HO)
Package: hopatch 2016/05/16 v1.3 Wrapper for package hooks (HO)
Package: xcolor-patch 2016/05/16 xcolor patch
Package: atveryend 2016/05/16 v1.9 Hooks at the very end of document (HO)
Package atveryend Info: \enddocument detected (standard20110627).
Package: atbegshi 2016/06/09 v1.18 At begin shipout hook (HO)
Package: refcount 2016/05/16 v3.5 Data extraction from label references (HO)
Package: hycolor 2016/05/16 v1.8 Color options for hyperref/bookmark (HO)
) (/usr/local/texlive/2018/texmf-dist/tex/generic/ifxetex/ifxetex.sty
Package: ifxetex 2010/09/12 v0.6 Provides ifxetex conditional
) (/usr/local/texlive/2018/texmf-dist/tex/latex/oberdiek/auxhook.sty
Package: auxhook 2016/05/16 v1.4 Hooks for auxiliary files (HO)
) (/usr/local/texlive/2018/texmf-dist/tex/latex/oberdiek/kvoptions.sty
Package: kvoptions 2016/05/16 v3.12 Key value format for package options (HO)
)
\@linkdim=\dimen178
\Hy@linkcounter=\count278
\Hy@pagecounter=\count279
 (/usr/local/texlive/2018/texmf-dist/tex/latex/hyperref/pd1enc.def
File: pd1enc.def 2018/02/06 v6.86b Hyperref: PDFDocEncoding definition (HO)
Now handling font encoding PD1 ...
... no UTF-8 mapping file for font encoding PD1
)
\Hy@SavedSpaceFactor=\count280
 (/usr/local/texlive/2018/texmf-dist/tex/latex/latexconfig/hyperref.cfg
File: hyperref.cfg 2002/06/06 v1.2 hyperref configuration of TeXLive
)
Package hyperref Info: Option `colorlinks' set `true' on input line 4383.
Package hyperref Info: Option `plainpages' set `false' on input line 4383.
Package hyperref Info: Option `pdfpagelabels' set `true' on input line 4383.
Package hyperref Info: Hyper figures OFF on input line 4509.
Package hyperref Info: Link nesting OFF on input line 4514.
Package hyperref Info: Hyper index ON on input line 4517.
Package hyperref Info: Plain pages OFF on input line 4524.
Package hyperref Info: Backreferencing OFF on input line 4529.
Package hyperref Info: Implicit mode ON; LaTeX internals redefined.
Package hyperref Info: Bookmarks ON on input line 4762.
\c@Hy@tempcnt=\count281
 (/usr/local/texlive/2018/texmf-dist/tex/latex/url/url.sty
\Urlmuskip=\muskip17
Package: url 2013/09/16  ver 3.4  Verb mode for urls, etc.
)
LaTeX Info: Redefining \url on input line 5115.
\XeTeXLinkMargin=\dimen179
\Fld@menulength=\count282
\Field@Width=\dimen180
\Fld@charsize=\dimen181
Package hyperref Info: Hyper figures OFF on input line 6369.
Package hyperref Info: Link nesting OFF on input line 6374.
Package hyperref Info: Hyper index ON on input line 6377.
Package hyperref Info: backreferencing OFF on input line 6384.
Package hyperref Info: Link coloring ON on input line 6387.
Package hyperref Info: Link coloring with OCG OFF on input line 6394.
Package hyperref Info: PDF/A mode OFF on input line 6399.
LaTeX Info: Redefining \ref on input line 6439.
LaTeX Info: Redefining \pageref on input line 6443.
\Hy@abspage=\count283
\c@Item=\count284
\c@Hfootnote=\count285
)
Package hyperref Info: Driver (autodetected): hpdftex.
 (/usr/local/texlive/2018/texmf-dist/tex/latex/hyperref/hpdftex.def
File: hpdftex.def 2018/02/06 v6.86b Hyperref driver for pdfTeX
\Fld@listcount=\count286
\c@bookmark@seq@number=\count287
 (/usr/local/texlive/2018/texmf-dist/tex/latex/oberdiek/rerunfilecheck.sty
Package: rerunfilecheck 2016/05/16 v1.8 Rerun checks for auxiliary files (HO)
Package uniquecounter Info: New unique counter `rerunfilecheck' on input line 282.
)
\Hy@SectionHShift=\skip74
) (/usr/local/texlive/2018/texmf-dist/tex/latex/oberdiek/bookmark.sty
Package: bookmark 2016/05/17 v1.26 PDF bookmarks (HO)
 (/usr/local/texlive/2018/texmf-dist/tex/latex/oberdiek/bkm-pdftex.def
File: bkm-pdftex.def 2016/05/17 v1.26 bookmark driver for pdfTeX (HO)
\BKM@id=\count288
)) (/usr/local/texlive/2018/texmf-dist/tex/latex/microtype/microtype.sty
Package: microtype 2018/01/14 v2.7a Micro-typographical refinements (RS)
\MT@toks=\toks28
\MT@count=\count289
LaTeX Info: Redefining \textls on input line 793.
\MT@outer@kern=\dimen182
LaTeX Info: Redefining \textmicrotypecontext on input line 1339.
\MT@listname@count=\count290
 (/usr/local/texlive/2018/texmf-dist/tex/latex/microtype/microtype-pdftex.def
File: microtype-pdftex.def 2018/01/14 v2.7a Definitions specific to pdftex (RS)
LaTeX Info: Redefining \lsstyle on input line 913.
LaTeX Info: Redefining \lslig on input line 913.
\MT@outer@space=\skip75
)
Package microtype Info: Loading configuration file microtype.cfg.
 (/usr/local/texlive/2018/texmf-dist/tex/latex/microtype/microtype.cfg
File: microtype.cfg 2018/01/14 v2.7a microtype main configuration file (RS)
)) (/usr/local/texlive/2018/texmf-dist/tex/latex/mdwtools/footnote.sty
Package: footnote 1997/01/28 1.13 Save footnotes around boxes
\fn@notes=\box52
\fn@width=\dimen183
) (/usr/local/texlive/2018/texmf-dist/tex/latex/graphics/rotating.sty
Package: rotating 2016/08/11 v2.16d rotated objects in LaTeX
 (/usr/local/texlive/2018/texmf-dist/tex/latex/base/ifthen.sty
Package: ifthen 2014/09/29 v1.1c Standard LaTeX ifthen package (DPC)
)
\c@r@tfl@t=\count291
\rotFPtop=\skip76
\rotFPbot=\skip77
\rot@float@box=\box53
\rot@mess@toks=\toks29
) (/usr/local/texlive/2018/texmf-dist/tex/latex/booktabs/booktabs.sty
Package: booktabs 2016/04/27 v1.618033 publication quality tables
\heavyrulewidth=\dimen184
\lightrulewidth=\dimen185
\cmidrulewidth=\dimen186
\belowrulesep=\dimen187
\belowbottomsep=\dimen188
\aboverulesep=\dimen189
\abovetopsep=\dimen190
\cmidrulesep=\dimen191
\cmidrulekern=\dimen192
\defaultaddspace=\dimen193
\@cmidla=\count292
\@cmidlb=\count293
\@aboverulesep=\dimen194
\@belowrulesep=\dimen195
\@thisruleclass=\count294
\@lastruleclass=\count295
\@thisrulewidth=\dimen196
) (/usr/local/texlive/2018/texmf-dist/tex/latex/oberdiek/epstopdf.sty
Package: epstopdf 2016/05/15 v2.6 Conversion with epstopdf on the fly (HO)
 (/usr/local/texlive/2018/texmf-dist/tex/latex/oberdiek/epstopdf-base.sty
Package: epstopdf-base 2016/05/15 v2.6 Base part for package epstopdf
 (/usr/local/texlive/2018/texmf-dist/tex/latex/oberdiek/grfext.sty
Package: grfext 2016/05/16 v1.2 Manage graphics extensions (HO)
)
Package epstopdf-base Info: Redefining graphics rule for `.eps' on input line 438.
Package grfext Info: Graphics extension search list:
(grfext)             [.pdf,.png,.jpg,.mps,.jpeg,.jbig2,.jb2,.PDF,.PNG,.JPG,.JPEG,.JBIG2,.JB2,.eps]
(grfext)             \AppendGraphicsExtensions on input line 456.
 (/usr/local/texlive/2018/texmf-dist/tex/latex/latexconfig/epstopdf-sys.cfg
File: epstopdf-sys.cfg 2010/07/13 v1.3 Configuration of (r)epstopdf for TeX Live
))) (/usr/local/texlive/2018/texmf-dist/tex/latex/threeparttable/threeparttable.sty
Package: threeparttable 2003/06/13  v 3.0
\@tempboxb=\box54
) (/usr/local/texlive/2018/texmf-dist/tex/latex/commath/commath.sty) (/usr/local/texlive/2018/texmf-dist/tex/latex/placeins/placeins.sty
Package: placeins 2005/04/18  v 2.2
) (/usr/local/texlive/2018/texmf-dist/tex/latex/pgf/frontendlayer/tikz.sty
(/usr/local/texlive/2018/texmf-dist/tex/latex/pgf/basiclayer/pgf.sty (/usr/local/texlive/2018/texmf-dist/tex/latex/pgf/utilities/pgfrcs.sty (/usr/local/texlive/2018/texmf-dist/tex/generic/pgf/utilities/pgfutil-common.tex
\pgfutil@everybye=\toks30
\pgfutil@tempdima=\dimen197
\pgfutil@tempdimb=\dimen198
 (/usr/local/texlive/2018/texmf-dist/tex/generic/pgf/utilities/pgfutil-common-lists.tex)) (/usr/local/texlive/2018/texmf-dist/tex/generic/pgf/utilities/pgfutil-latex.def
\pgfutil@abb=\box55
 (/usr/local/texlive/2018/texmf-dist/tex/latex/ms/everyshi.sty
Package: everyshi 2001/05/15 v3.00 EveryShipout Package (MS)
)) (/usr/local/texlive/2018/texmf-dist/tex/generic/pgf/utilities/pgfrcs.code.tex
Package: pgfrcs 2015/08/07 v3.0.1a (rcs-revision 1.31)
))
Package: pgf 2015/08/07 v3.0.1a (rcs-revision 1.15)
 (/usr/local/texlive/2018/texmf-dist/tex/latex/pgf/basiclayer/pgfcore.sty (/usr/local/texlive/2018/texmf-dist/tex/latex/pgf/systemlayer/pgfsys.sty (/usr/local/texlive/2018/texmf-dist/tex/generic/pgf/systemlayer/pgfsys.code.tex
Package: pgfsys 2014/07/09 v3.0.1a (rcs-revision 1.48)
 (/usr/local/texlive/2018/texmf-dist/tex/generic/pgf/utilities/pgfkeys.code.tex
\pgfkeys@pathtoks=\toks31
\pgfkeys@temptoks=\toks32
 (/usr/local/texlive/2018/texmf-dist/tex/generic/pgf/utilities/pgfkeysfiltered.code.tex
\pgfkeys@tmptoks=\toks33
))
\pgf@x=\dimen199
\pgf@y=\dimen256
\pgf@xa=\dimen257
\pgf@ya=\dimen258
\pgf@xb=\dimen259
\pgf@yb=\dimen260
\pgf@xc=\dimen261
\pgf@yc=\dimen262
\w@pgf@writea=\write3
\r@pgf@reada=\read2
\c@pgf@counta=\count296
\c@pgf@countb=\count297
\c@pgf@countc=\count298
\c@pgf@countd=\count299
\t@pgf@toka=\toks34
\t@pgf@tokb=\toks35
\t@pgf@tokc=\toks36
 (/usr/local/texlive/2018/texmf-dist/tex/generic/pgf/systemlayer/pgf.cfg
File: pgf.cfg 2008/05/14  (rcs-revision 1.7)
)
Driver file for pgf: pgfsys-pdftex.def
 (/usr/local/texlive/2018/texmf-dist/tex/generic/pgf/systemlayer/pgfsys-pdftex.def
File: pgfsys-pdftex.def 2014/10/11  (rcs-revision 1.35)
 (/usr/local/texlive/2018/texmf-dist/tex/generic/pgf/systemlayer/pgfsys-common-pdf.def
File: pgfsys-common-pdf.def 2013/10/10  (rcs-revision 1.13)
))) (/usr/local/texlive/2018/texmf-dist/tex/generic/pgf/systemlayer/pgfsyssoftpath.code.tex
File: pgfsyssoftpath.code.tex 2013/09/09  (rcs-revision 1.9)
\pgfsyssoftpath@smallbuffer@items=\count300
\pgfsyssoftpath@bigbuffer@items=\count301
) (/usr/local/texlive/2018/texmf-dist/tex/generic/pgf/systemlayer/pgfsysprotocol.code.tex
File: pgfsysprotocol.code.tex 2006/10/16  (rcs-revision 1.4)
)) (/usr/local/texlive/2018/texmf-dist/tex/latex/xcolor/xcolor.sty
Package: xcolor 2016/05/11 v2.12 LaTeX color extensions (UK)
 (/usr/local/texlive/2018/texmf-dist/tex/latex/graphics-cfg/color.cfg
File: color.cfg 2016/01/02 v1.6 sample color configuration
)
Package xcolor Info: Driver file: pdftex.def on input line 225.
Package xcolor Info: Model `cmy' substituted by `cmy0' on input line 1348.
Package xcolor Info: Model `hsb' substituted by `rgb' on input line 1352.
Package xcolor Info: Model `RGB' extended on input line 1364.
Package xcolor Info: Model `HTML' substituted by `rgb' on input line 1366.
Package xcolor Info: Model `Hsb' substituted by `hsb' on input line 1367.
Package xcolor Info: Model `tHsb' substituted by `hsb' on input line 1368.
Package xcolor Info: Model `HSB' substituted by `hsb' on input line 1369.
Package xcolor Info: Model `Gray' substituted by `gray' on input line 1370.
Package xcolor Info: Model `wave' substituted by `hsb' on input line 1371.
) (/usr/local/texlive/2018/texmf-dist/tex/generic/pgf/basiclayer/pgfcore.code.tex
Package: pgfcore 2010/04/11 v3.0.1a (rcs-revision 1.7)
 (/usr/local/texlive/2018/texmf-dist/tex/generic/pgf/math/pgfmath.code.tex (/usr/local/texlive/2018/texmf-dist/tex/generic/pgf/math/pgfmathcalc.code.tex (/usr/local/texlive/2018/texmf-dist/tex/generic/pgf/math/pgfmathutil.code.tex) (/usr/local/texlive/2018/texmf-dist/tex/generic/pgf/math/pgfmathparser.code.tex
\pgfmath@dimen=\dimen263
\pgfmath@count=\count302
\pgfmath@box=\box56
\pgfmath@toks=\toks37
\pgfmath@stack@operand=\toks38
\pgfmath@stack@operation=\toks39
) (/usr/local/texlive/2018/texmf-dist/tex/generic/pgf/math/pgfmathfunctions.code.tex
(/usr/local/texlive/2018/texmf-dist/tex/generic/pgf/math/pgfmathfunctions.basic.code.tex) (/usr/local/texlive/2018/texmf-dist/tex/generic/pgf/math/pgfmathfunctions.trigonometric.code.tex) (/usr/local/texlive/2018/texmf-dist/tex/generic/pgf/math/pgfmathfunctions.random.code.tex) (/usr/local/texlive/2018/texmf-dist/tex/generic/pgf/math/pgfmathfunctions.comparison.code.tex) (/usr/local/texlive/2018/texmf-dist/tex/generic/pgf/math/pgfmathfunctions.base.code.tex) (/usr/local/texlive/2018/texmf-dist/tex/generic/pgf/math/pgfmathfunctions.round.code.tex) (/usr/local/texlive/2018/texmf-dist/tex/generic/pgf/math/pgfmathfunctions.misc.code.tex) (/usr/local/texlive/2018/texmf-dist/tex/generic/pgf/math/pgfmathfunctions.integerarithmetics.code.tex))) (/usr/local/texlive/2018/texmf-dist/tex/generic/pgf/math/pgfmathfloat.code.tex
\c@pgfmathroundto@lastzeros=\count303
)) (/usr/local/texlive/2018/texmf-dist/tex/generic/pgf/basiclayer/pgfcorepoints.code.tex
File: pgfcorepoints.code.tex 2013/10/07  (rcs-revision 1.27)
\pgf@picminx=\dimen264
\pgf@picmaxx=\dimen265
\pgf@picminy=\dimen266
\pgf@picmaxy=\dimen267
\pgf@pathminx=\dimen268
\pgf@pathmaxx=\dimen269
\pgf@pathminy=\dimen270
\pgf@pathmaxy=\dimen271
\pgf@xx=\dimen272
\pgf@xy=\dimen273
\pgf@yx=\dimen274
\pgf@yy=\dimen275
\pgf@zx=\dimen276
\pgf@zy=\dimen277
) (/usr/local/texlive/2018/texmf-dist/tex/generic/pgf/basiclayer/pgfcorepathconstruct.code.tex
File: pgfcorepathconstruct.code.tex 2013/10/07  (rcs-revision 1.29)
\pgf@path@lastx=\dimen278
\pgf@path@lasty=\dimen279
) (/usr/local/texlive/2018/texmf-dist/tex/generic/pgf/basiclayer/pgfcorepathusage.code.tex
File: pgfcorepathusage.code.tex 2014/11/02  (rcs-revision 1.24)
\pgf@shorten@end@additional=\dimen280
\pgf@shorten@start@additional=\dimen281
) (/usr/local/texlive/2018/texmf-dist/tex/generic/pgf/basiclayer/pgfcorescopes.code.tex
File: pgfcorescopes.code.tex 2015/05/08  (rcs-revision 1.46)
\pgfpic=\box57
\pgf@hbox=\box58
\pgf@layerbox@main=\box59
\pgf@picture@serial@count=\count304
) (/usr/local/texlive/2018/texmf-dist/tex/generic/pgf/basiclayer/pgfcoregraphicstate.code.tex
File: pgfcoregraphicstate.code.tex 2014/11/02  (rcs-revision 1.12)
\pgflinewidth=\dimen282
) (/usr/local/texlive/2018/texmf-dist/tex/generic/pgf/basiclayer/pgfcoretransformations.code.tex
File: pgfcoretransformations.code.tex 2015/08/07  (rcs-revision 1.20)
\pgf@pt@x=\dimen283
\pgf@pt@y=\dimen284
\pgf@pt@temp=\dimen285
) (/usr/local/texlive/2018/texmf-dist/tex/generic/pgf/basiclayer/pgfcorequick.code.tex
File: pgfcorequick.code.tex 2008/10/09  (rcs-revision 1.3)
) (/usr/local/texlive/2018/texmf-dist/tex/generic/pgf/basiclayer/pgfcoreobjects.code.tex
File: pgfcoreobjects.code.tex 2006/10/11  (rcs-revision 1.2)
) (/usr/local/texlive/2018/texmf-dist/tex/generic/pgf/basiclayer/pgfcorepathprocessing.code.tex
File: pgfcorepathprocessing.code.tex 2013/09/09  (rcs-revision 1.9)
) (/usr/local/texlive/2018/texmf-dist/tex/generic/pgf/basiclayer/pgfcorearrows.code.tex
File: pgfcorearrows.code.tex 2015/05/14  (rcs-revision 1.43)
\pgfarrowsep=\dimen286
) (/usr/local/texlive/2018/texmf-dist/tex/generic/pgf/basiclayer/pgfcoreshade.code.tex
File: pgfcoreshade.code.tex 2013/07/15  (rcs-revision 1.15)
\pgf@max=\dimen287
\pgf@sys@shading@range@num=\count305
) (/usr/local/texlive/2018/texmf-dist/tex/generic/pgf/basiclayer/pgfcoreimage.code.tex
File: pgfcoreimage.code.tex 2013/07/15  (rcs-revision 1.18)
 (/usr/local/texlive/2018/texmf-dist/tex/generic/pgf/basiclayer/pgfcoreexternal.code.tex
File: pgfcoreexternal.code.tex 2014/07/09  (rcs-revision 1.21)
\pgfexternal@startupbox=\box60
))
(/usr/local/texlive/2018/texmf-dist/tex/generic/pgf/basiclayer/pgfcorelayers.code.tex
File: pgfcorelayers.code.tex 2013/07/18  (rcs-revision 1.7)
) (/usr/local/texlive/2018/texmf-dist/tex/generic/pgf/basiclayer/pgfcoretransparency.code.tex
File: pgfcoretransparency.code.tex 2013/09/30  (rcs-revision 1.5)
) (/usr/local/texlive/2018/texmf-dist/tex/generic/pgf/basiclayer/pgfcorepatterns.code.tex
File: pgfcorepatterns.code.tex 2013/11/07  (rcs-revision 1.5)
))) (/usr/local/texlive/2018/texmf-dist/tex/generic/pgf/modules/pgfmoduleshapes.code.tex
File: pgfmoduleshapes.code.tex 2014/03/21  (rcs-revision 1.35)
\pgfnodeparttextbox=\box61
) (/usr/local/texlive/2018/texmf-dist/tex/generic/pgf/modules/pgfmoduleplot.code.tex
File: pgfmoduleplot.code.tex 2015/08/03  (rcs-revision 1.13)
) (/usr/local/texlive/2018/texmf-dist/tex/latex/pgf/compatibility/pgfcomp-version-0-65.sty
Package: pgfcomp-version-0-65 2007/07/03 v3.0.1a (rcs-revision 1.7)
\pgf@nodesepstart=\dimen288
\pgf@nodesepend=\dimen289
) (/usr/local/texlive/2018/texmf-dist/tex/latex/pgf/compatibility/pgfcomp-version-1-18.sty
Package: pgfcomp-version-1-18 2007/07/23 v3.0.1a (rcs-revision 1.1)
)) (/usr/local/texlive/2018/texmf-dist/tex/latex/pgf/utilities/pgffor.sty (/usr/local/texlive/2018/texmf-dist/tex/latex/pgf/utilities/pgfkeys.sty (/usr/local/texlive/2018/texmf-dist/tex/generic/pgf/utilities/pgfkeys.code.tex)) (/usr/local/texlive/2018/texmf-dist/tex/latex/pgf/math/pgfmath.sty (/usr/local/texlive/2018/texmf-dist/tex/generic/pgf/math/pgfmath.code.tex)) (/usr/local/texlive/2018/texmf-dist/tex/generic/pgf/utilities/pgffor.code.tex
Package: pgffor 2013/12/13 v3.0.1a (rcs-revision 1.25)
 (/usr/local/texlive/2018/texmf-dist/tex/generic/pgf/math/pgfmath.code.tex)
\pgffor@iter=\dimen290
\pgffor@skip=\dimen291
\pgffor@stack=\toks40
\pgffor@toks=\toks41
)) (/usr/local/texlive/2018/texmf-dist/tex/generic/pgf/frontendlayer/tikz/tikz.code.tex
Package: tikz 2015/08/07 v3.0.1a (rcs-revision 1.151)
 (/usr/local/texlive/2018/texmf-dist/tex/generic/pgf/libraries/pgflibraryplothandlers.code.tex
File: pgflibraryplothandlers.code.tex 2013/08/31 v3.0.1a (rcs-revision 1.20)
\pgf@plot@mark@count=\count306
\pgfplotmarksize=\dimen292
)
\tikz@lastx=\dimen293
\tikz@lasty=\dimen294
\tikz@lastxsaved=\dimen295
\tikz@lastysaved=\dimen296
\tikzleveldistance=\dimen297
\tikzsiblingdistance=\dimen298
\tikz@figbox=\box62
\tikz@figbox@bg=\box63
\tikz@tempbox=\box64
\tikz@tempbox@bg=\box65
\tikztreelevel=\count307
\tikznumberofchildren=\count308
\tikznumberofcurrentchild=\count309
\tikz@fig@count=\count310
 (/usr/local/texlive/2018/texmf-dist/tex/generic/pgf/modules/pgfmodulematrix.code.tex
File: pgfmodulematrix.code.tex 2013/09/17  (rcs-revision 1.8)
\pgfmatrixcurrentrow=\count311
\pgfmatrixcurrentcolumn=\count312
\pgf@matrix@numberofcolumns=\count313
)
\tikz@expandcount=\count314
 (/usr/local/texlive/2018/texmf-dist/tex/generic/pgf/frontendlayer/tikz/libraries/tikzlibrarytopaths.code.tex
File: tikzlibrarytopaths.code.tex 2008/06/17 v3.0.1a (rcs-revision 1.2)
))) (/usr/local/texlive/2018/texmf-dist/tex/generic/systeme/systeme.sty (/usr/local/texlive/2018/texmf-dist/tex/generic/xstring/xstring.sty (/usr/local/texlive/2018/texmf-dist/tex/generic/xstring/xstring.tex
\@xs@message=\write4
\integerpart=\count315
\decimalpart=\count316
)
Package: xstring 2013/10/13  v1.7c  String manipulations (C Tellechea)
) (/usr/local/texlive/2018/texmf-dist/tex/generic/systeme/systeme.tex
\SYS@systemecode=\toks42
\SYS@systempreamble=\toks43
\SYSeqnum=\count317
)
Package: systeme 2018/01/01 v0.31 Mise en forme de systemes d'equations (CT)
) (/usr/local/texlive/2018/texmf-dist/tex/latex/makecell/makecell.sty
Package: makecell 2009/08/03 V0.1e Managing of Tab Column Heads and Cells
\rotheadsize=\dimen299
\c@nlinenum=\count318
\TeXr@lab=\toks44
) (/usr/local/texlive/2018/texmf-dist/tex/latex/graphics/lscape.sty
Package: lscape 2000/10/22 v3.01 Landscape Pages (DPC)
) (/usr/local/texlive/2018/texmf-dist/tex/latex/multirow/multirow.sty
Package: multirow 2016/11/25 v2.2 Span multiple rows of a table
\multirow@colwidth=\skip78
\multirow@cntb=\count319
\multirow@dima=\skip79
\bigstrutjot=\dimen300
)
(/usr/local/texlive/2018/texmf-dist/tex/latex/tools/afterpage.sty
Package: afterpage 2014/10/28 v1.08 After-Page Package (DPC)
\AP@output=\toks45
\AP@partial=\box66
\AP@footins=\box67
) (/usr/local/texlive/2018/texmf-dist/tex/latex/pdfpages/pdfpages.sty
Package: pdfpages 2017/10/31 v0.5l Insert pages of external PDF documents (AM)
 (/usr/local/texlive/2018/texmf-dist/tex/latex/eso-pic/eso-pic.sty
Package: eso-pic 2015/07/21 v2.0g eso-pic (RN)
)
\AM@pagewidth=\dimen301
\AM@pageheight=\dimen302
 (/usr/local/texlive/2018/texmf-dist/tex/latex/pdfpages/pppdftex.def
File: pppdftex.def 2017/10/31 v0.5l Pdfpages driver for pdfTeX (AM)
)
\AM@pagebox=\box68
\AM@global@opts=\toks46
\AM@toc@title=\toks47
\c@AM@survey=\count320
\AM@templatesizebox=\box69
) (/usr/local/texlive/2018/texmf-dist/tex/latex/float/float.sty
Package: float 2001/11/08 v1.3d Float enhancements (AL)
\c@float@type=\count321
\float@exts=\toks48
\float@box=\box70
\@float@everytoks=\toks49
\@floatcapt=\box71
) (/usr/local/texlive/2018/texmf-dist/tex/latex/tikzmark/tikzlibrarytikzmark.code.tex) (/Users/vadmalis/Desktop/PhDissertation/.texpadtmp/template.aux (/Users/vadmalis/Desktop/PhDissertation/.texpadtmp/template_frontmatter.aux) (/Users/vadmalis/Desktop/PhDissertation/.texpadtmp/chapter1.aux) (/Users/vadmalis/Desktop/PhDissertation/.texpadtmp/chapter2.aux

LaTeX Warning: Label `eq: SLR rotation N' multiply defined.

) (/Users/vadmalis/Desktop/PhDissertation/.texpadtmp/chapter3.aux) (/Users/vadmalis/Desktop/PhDissertation/.texpadtmp/chapter4.aux) (/Users/vadmalis/Desktop/PhDissertation/.texpadtmp/chapter5.aux

LaTeX Warning: Label `eq:D_v' multiply defined.


LaTeX Warning: Label `eq: bmatrix' multiply defined.


LaTeX Warning: Label `eq: bmatrix' multiply defined.

) (/Users/vadmalis/Desktop/PhDissertation/.texpadtmp/chapter6.aux

LaTeX Warning: Label `eq: Karger AppEx' multiply defined.


LaTeX Warning: Label `eq: Karger AppEx' multiply defined.

) (/Users/vadmalis/Desktop/PhDissertation/.texpadtmp/chapter7.aux))
\openout1 = `template.aux'.

LaTeX Font Info:    Checking defaults for OML/cmm/m/it on input line 210.
LaTeX Font Info:    ... okay on input line 210.
LaTeX Font Info:    Checking defaults for T1/cmr/m/n on input line 210.
LaTeX Font Info:    ... okay on input line 210.
LaTeX Font Info:    Checking defaults for OT1/cmr/m/n on input line 210.
LaTeX Font Info:    ... okay on input line 210.
LaTeX Font Info:    Checking defaults for OMS/pzccm/m/n on input line 210.
LaTeX Font Info:    Try loading font information for OMS+pzccm on input line 210.
 (/usr/local/texlive/2018/texmf-dist/tex/latex/psnfss/omspzccm.fd
File: omspzccm.fd 2000/01/03 Fontinst v1.801 font definitions for OMS/pzccm.
)
LaTeX Font Info:    ... okay on input line 210.
LaTeX Font Info:    Checking defaults for OMX/cmex/m/n on input line 210.
LaTeX Font Info:    ... okay on input line 210.
LaTeX Font Info:    Checking defaults for U/cmr/m/n on input line 210.
LaTeX Font Info:    ... okay on input line 210.
LaTeX Font Info:    Checking defaults for PD1/pdf/m/n on input line 210.
LaTeX Font Info:    ... okay on input line 210.
LaTeX Font Info:    Try loading font information for OT1+lmr on input line 210.
 (/usr/local/texlive/2018/texmf-dist/tex/latex/lm/ot1lmr.fd
File: ot1lmr.fd 2009/10/30 v1.6 Font defs for Latin Modern
) (/usr/local/texlive/2018/texmf-dist/tex/context/base/mkii/supp-pdf.mkii
[Loading MPS to PDF converter (version 2006.09.02).]
\scratchcounter=\count322
\scratchdimen=\dimen303
\scratchbox=\box72
\nofMPsegments=\count323
\nofMParguments=\count324
\everyMPshowfont=\toks50
\MPscratchCnt=\count325
\MPscratchDim=\dimen304
\MPnumerator=\count326
\makeMPintoPDFobject=\count327
\everyMPtoPDFconversion=\toks51
)
Now handling font encoding TS1 ...
... processing UTF-8 mapping file for font encoding TS1
 (/usr/local/texlive/2018/texmf-dist/tex/latex/base/ts1enc.dfu
File: ts1enc.dfu 2018/04/05 v1.2c UTF-8 support for inputenc
   defining Unicode char U+00A2 (decimal 162)
   defining Unicode char U+00A3 (decimal 163)
   defining Unicode char U+00A4 (decimal 164)
   defining Unicode char U+00A5 (decimal 165)
   defining Unicode char U+00A6 (decimal 166)
   defining Unicode char U+00A7 (decimal 167)
   defining Unicode char U+00A8 (decimal 168)
   defining Unicode char U+00A9 (decimal 169)
   defining Unicode char U+00AA (decimal 170)
   defining Unicode char U+00AC (decimal 172)
   defining Unicode char U+00AE (decimal 174)
   defining Unicode char U+00AF (decimal 175)
   defining Unicode char U+00B0 (decimal 176)
   defining Unicode char U+00B1 (decimal 177)
   defining Unicode char U+00B2 (decimal 178)
   defining Unicode char U+00B3 (decimal 179)
   defining Unicode char U+00B4 (decimal 180)
   defining Unicode char U+00B5 (decimal 181)
   defining Unicode char U+00B6 (decimal 182)
   defining Unicode char U+00B7 (decimal 183)
   defining Unicode char U+00B9 (decimal 185)
   defining Unicode char U+00BA (decimal 186)
   defining Unicode char U+00BC (decimal 188)
   defining Unicode char U+00BD (decimal 189)
   defining Unicode char U+00BE (decimal 190)
   defining Unicode char U+00D7 (decimal 215)
   defining Unicode char U+00F7 (decimal 247)
   defining Unicode char U+0192 (decimal 402)
   defining Unicode char U+02C7 (decimal 711)
   defining Unicode char U+02D8 (decimal 728)
   defining Unicode char U+02DD (decimal 733)
   defining Unicode char U+0E3F (decimal 3647)
   defining Unicode char U+2016 (decimal 8214)
   defining Unicode char U+2020 (decimal 8224)
   defining Unicode char U+2021 (decimal 8225)
   defining Unicode char U+2022 (decimal 8226)
   defining Unicode char U+2030 (decimal 8240)
   defining Unicode char U+2031 (decimal 8241)
   defining Unicode char U+203B (decimal 8251)
   defining Unicode char U+203D (decimal 8253)
   defining Unicode char U+2044 (decimal 8260)
   defining Unicode char U+204E (decimal 8270)
   defining Unicode char U+2052 (decimal 8274)
   defining Unicode char U+20A1 (decimal 8353)
   defining Unicode char U+20A4 (decimal 8356)
   defining Unicode char U+20A6 (decimal 8358)
   defining Unicode char U+20A9 (decimal 8361)
   defining Unicode char U+20AB (decimal 8363)
   defining Unicode char U+20AC (decimal 8364)
   defining Unicode char U+20B1 (decimal 8369)
   defining Unicode char U+2103 (decimal 8451)
   defining Unicode char U+2116 (decimal 8470)
   defining Unicode char U+2117 (decimal 8471)
   defining Unicode char U+211E (decimal 8478)
   defining Unicode char U+2120 (decimal 8480)
   defining Unicode char U+2122 (decimal 8482)
   defining Unicode char U+2126 (decimal 8486)
   defining Unicode char U+2127 (decimal 8487)
   defining Unicode char U+212E (decimal 8494)
   defining Unicode char U+2190 (decimal 8592)
   defining Unicode char U+2191 (decimal 8593)
   defining Unicode char U+2192 (decimal 8594)
   defining Unicode char U+2193 (decimal 8595)
   defining Unicode char U+2329 (decimal 9001)
   defining Unicode char U+232A (decimal 9002)
   defining Unicode char U+2422 (decimal 9250)
   defining Unicode char U+25E6 (decimal 9702)
   defining Unicode char U+25EF (decimal 9711)
   defining Unicode char U+266A (decimal 9834)
   defining Unicode char U+FEFF (decimal 65279)
) (/usr/local/texlive/2018/texmf-dist/tex/latex/translator/translator-basic-dictionary-English.dict
Dictionary: translator-basic-dictionary, Language: English 
) (/usr/local/texlive/2018/texmf-dist/tex/latex/siunitx/siunitx-abbreviations.cfg
File: siunitx-abbreviations.cfg 2017/11/26 v2.7k siunitx: Abbreviated units
) (/usr/local/texlive/2018/texmf-dist/tex/latex/siunitx/siunitx-binary.cfg
File: siunitx-binary.cfg 2017/11/26 v2.7k siunitx: Binary units
)
Package caption Info: Begin \AtBeginDocument code.
Package caption Info: float package is loaded.
Package caption Info: hyperref package is loaded.
Package caption Info: rotating package is loaded.
Package caption Info: threeparttable package is loaded.
Package caption Info: End \AtBeginDocument code.
\AtBeginShipoutBox=\box73
Package hyperref Info: Link coloring ON on input line 210.
 (/usr/local/texlive/2018/texmf-dist/tex/latex/hyperref/nameref.sty
Package: nameref 2016/05/21 v2.44 Cross-referencing by name of section
 (/usr/local/texlive/2018/texmf-dist/tex/generic/oberdiek/gettitlestring.sty
Package: gettitlestring 2016/05/16 v1.5 Cleanup title references (HO)
)
\c@section@level=\count328
)
LaTeX Info: Redefining \ref on input line 210.
LaTeX Info: Redefining \pageref on input line 210.
LaTeX Info: Redefining \nameref on input line 210.
LaTeX Info: Redefining \microtypecontext on input line 210.
Package microtype Info: Generating PDF output.
Package microtype Info: Character protrusion enabled (level 2).
Package microtype Info: Using default protrusion set `alltext'.
Package microtype Info: Automatic font expansion enabled (level 2),
(microtype)             stretch: 20, shrink: 20, step: 1, non-selected.
Package microtype Info: Using default expansion set `basictext'.
Package microtype Info: No adjustment of tracking.
Package microtype Info: No adjustment of interword spacing.
Package microtype Info: No adjustment of character kerning.
 (/usr/local/texlive/2018/texmf-dist/tex/latex/microtype/mt-cmr.cfg
File: mt-cmr.cfg 2013/05/19 v2.2 microtype config. file: Computer Modern Roman (RS)
) ABD: EveryShipout initializing macros (/usr/local/texlive/2018/texmf-dist/tex/latex/oberdiek/pdflscape.sty
Package: pdflscape 2016/05/14 v0.11 Display of landscape pages in PDF (HO)
Package pdflscape Info: Auto-detected driver: pdftex on input line 81.
)
LaTeX Font Info:    Try loading font information for OML+lmm on input line 210.
 (/usr/local/texlive/2018/texmf-dist/tex/latex/lm/omllmm.fd
File: omllmm.fd 2009/10/30 v1.6 Font defs for Latin Modern
)
LaTeX Font Info:    Try loading font information for OMS+lmsy on input line 210.
 (/usr/local/texlive/2018/texmf-dist/tex/latex/lm/omslmsy.fd
File: omslmsy.fd 2009/10/30 v1.6 Font defs for Latin Modern
)
LaTeX Font Info:    Try loading font information for OMX+lmex on input line 210.
 (/usr/local/texlive/2018/texmf-dist/tex/latex/lm/omxlmex.fd
File: omxlmex.fd 2009/10/30 v1.6 Font defs for Latin Modern
)
LaTeX Font Info:    External font `lmex10' loaded for size
(Font)              <12> on input line 210.
LaTeX Font Info:    External font `lmex10' loaded for size
(Font)              <9> on input line 210.
LaTeX Font Info:    External font `lmex10' loaded for size
(Font)              <7> on input line 210.
LaTeX Font Info:    Try loading font information for U+msa on input line 210.
 (/usr/local/texlive/2018/texmf-dist/tex/latex/amsfonts/umsa.fd
File: umsa.fd 2013/01/14 v3.01 AMS symbols A
) (/usr/local/texlive/2018/texmf-dist/tex/latex/microtype/mt-msa.cfg
File: mt-msa.cfg 2006/02/04 v1.1 microtype config. file: AMS symbols (a) (RS)
)
LaTeX Font Info:    Try loading font information for U+msb on input line 210.
 (/usr/local/texlive/2018/texmf-dist/tex/latex/amsfonts/umsb.fd
File: umsb.fd 2013/01/14 v3.01 AMS symbols B
) (/usr/local/texlive/2018/texmf-dist/tex/latex/microtype/mt-msb.cfg
File: mt-msb.cfg 2005/06/01 v1.0 microtype config. file: AMS symbols (b) (RS)
)
LaTeX Font Info:    Font shape `OT1/ptm/bx/n' in size <12> not available
(Font)              Font shape `OT1/ptm/b/n' tried instead on input line 210.
 (/usr/local/texlive/2018/texmf-dist/tex/latex/microtype/mt-ptm.cfg
File: mt-ptm.cfg 2006/04/20 v1.7 microtype config. file: Times (RS)
)
LaTeX Font Info:    Font shape `OT1/ptm/bx/n' in size <9> not available
(Font)              Font shape `OT1/ptm/b/n' tried instead on input line 210.
LaTeX Font Info:    Font shape `OT1/ptm/bx/n' in size <7> not available
(Font)              Font shape `OT1/ptm/b/n' tried instead on input line 210.
LaTeX Font Info:    Try loading font information for OT1+lmss on input line 210.
 (/usr/local/texlive/2018/texmf-dist/tex/latex/lm/ot1lmss.fd
File: ot1lmss.fd 2009/10/30 v1.6 Font defs for Latin Modern
)
Package microtype Info: Loading generic protrusion settings for font family
(microtype)             `lmss' (encoding: OT1).
(microtype)             For optimal results, create family-specific settings.
(microtype)             See the microtype manual for details.
LaTeX Font Info:    Try loading font information for OT1+lmtt on input line 210.
 (/usr/local/texlive/2018/texmf-dist/tex/latex/lm/ot1lmtt.fd
File: ot1lmtt.fd 2009/10/30 v1.6 Font defs for Latin Modern
)
Package microtype Info: Loading generic protrusion settings for font family
(microtype)             `lmtt' (encoding: OT1).
(microtype)             For optimal results, create family-specific settings.
(microtype)             See the microtype manual for details.
\openout2 = `template_frontmatter.aux'.

 (./template_frontmatter.tex [1


{/usr/local/texlive/2018/texmf-var/fonts/map/pdftex/updmap/pdftex.map}] [2]

Package hyperref Warning: bookmark level for unknown frontmatter defaults to 0.

\@tempapprovalspace=\skip80
[3] [4] [5] (/Users/vadmalis/Desktop/PhDissertation/.texpadtmp/template.toc
Overfull \hbox (3.98273pt too wide) detected at line 9
 []\OT1/lmr/m/n/12 xviii
 []

[6] [7])
\tf@toc=\write5
\openout5 = `template.toc'.

 [8] (/Users/vadmalis/Desktop/PhDissertation/.texpadtmp/template.lof [9]
Overfull \hbox (7.0879pt too wide) in paragraph at lines 47--47
 [][] [][][]\OT1/lmr/m/n/12 (-20) Visual rep-re-sen-ta-tion of the dif-fu-sion ten-sor in the isotropic and anisotropic 
 []

[10])
\tf@lof=\write6
\openout6 = `template.lof'.

 [11] (/Users/vadmalis/Desktop/PhDissertation/.texpadtmp/template.lot)
\tf@lot=\write7
\openout7 = `template.lot'.

 [12] [13] [14] [15] [16] [17] [18] [19])
\c@mydiagm=\count329
\openout2 = `chapter1.aux'.

 (./chapter1.tex
Chapter 1.
<Figures/FIBER.pdf, id=440, 816.98315pt x 744.7825pt>
File: Figures/FIBER.pdf Graphic file (type pdf)
<use Figures/FIBER.pdf>
Package pdftex.def Info: Figures/FIBER.pdf  used on input line 10.
(pdftex.def)             Requested size: 326.78748pt x 297.90771pt.
[1



]) [2 <./Figures/FIBER.pdf>]
\openout2 = `chapter2.aux'.

 (./chapter2.tex
Chapter 2.
[3



] [4] [5] [6]
Underfull \hbox (badness 10000) in paragraph at lines 157--161

 []

[7] [8] [9] [10] [11]
<Figures/SLR.pdf, id=596, 794.97pt x 325.215pt>
File: Figures/SLR.pdf Graphic file (type pdf)
<use Figures/SLR.pdf>
Package pdftex.def Info: Figures/SLR.pdf  used on input line 302.
(pdftex.def)             Requested size: 357.7332pt x 146.3454pt.
 [12 <./Figures/SLR.pdf>] [13]
<Figures/SPSP.pdf, id=644, 794.97pt x 451.95572pt>
File: Figures/SPSP.pdf Graphic file (type pdf)
<use Figures/SPSP.pdf>
Package pdftex.def Info: Figures/SPSP.pdf  used on input line 420.
(pdftex.def)             Requested size: 278.24367pt x 158.18686pt.
 [14] [15 <./Figures/SPSP.pdf>] [16]
<Figures/ProtonGradient.pdf, id=704, 650.244pt x 304.00888pt>
File: Figures/ProtonGradient.pdf Graphic file (type pdf)
<use Figures/ProtonGradient.pdf>
Package pdftex.def Info: Figures/ProtonGradient.pdf  used on input line 485.
(pdftex.def)             Requested size: 260.09299pt x 121.60138pt.
 [17 <./Figures/ProtonGradient.pdf>]
<Figures/Trapezoid.pdf, id=724, 501.59796pt x 245.81427pt>
File: Figures/Trapezoid.pdf Graphic file (type pdf)
<use Figures/Trapezoid.pdf>
Package pdftex.def Info: Figures/Trapezoid.pdf  used on input line 508.
(pdftex.def)             Requested size: 240.76428pt x 117.9895pt.
 [18 <./Figures/Trapezoid.pdf>]
<Figures/PhaseEncode.pdf, id=771, 631.74318pt x 390.0684pt>
File: Figures/PhaseEncode.pdf Graphic file (type pdf)
<use Figures/PhaseEncode.pdf>
Package pdftex.def Info: Figures/PhaseEncode.pdf  used on input line 526.
(pdftex.def)             Requested size: 284.2818pt x 175.52914pt.
 [19 <./Figures/PhaseEncode.pdf>]) [20]
\openout2 = `chapter3.aux'.

 (./chapter3.tex
Chapter 3.
[21



] [22]
<Figures/VEPC_FlowCompensations.pdf, id=838, 379.67125pt x 222.29721pt>
File: Figures/VEPC_FlowCompensations.pdf Graphic file (type pdf)
<use Figures/VEPC_FlowCompensations.pdf>
Package pdftex.def Info: Figures/VEPC_FlowCompensations.pdf  used on input line 80.
(pdftex.def)             Requested size: 390.08049pt x 228.39882pt.
 [23]
<Figures/VEPC.pdf, id=847, 537.54071pt x 377.07936pt>
File: Figures/VEPC.pdf Graphic file (type pdf)
<use Figures/VEPC.pdf>
Package pdftex.def Info: Figures/VEPC.pdf  used on input line 101.
(pdftex.def)             Requested size: 537.5394pt x 377.07843pt.
 [24 <./Figures/VEPC_FlowCompensations.pdf>] [25 <./Figures/VEPC.pdf>]
<Figures/Setup.pdf, id=1065, 418.26996pt x 452.52985pt>
File: Figures/Setup.pdf Graphic file (type pdf)
<use Figures/Setup.pdf>
Package pdftex.def Info: Figures/Setup.pdf  used on input line 129.
(pdftex.def)             Requested size: 458.91493pt x 496.52074pt.
 [26] [27 <./Figures/Setup.pdf>] [28] [29] [30]
LaTeX Font Info:    Try loading font information for TS1+lmr on input line 207.
 (/usr/local/texlive/2018/texmf-dist/tex/latex/lm/ts1lmr.fd
File: ts1lmr.fd 2009/10/30 v1.6 Font defs for Latin Modern
)

Package microtype Warning: Unknown slot number of character
(microtype)                `\textquotestraightbase '
(microtype)                in font encoding `TS1' in protrusion list
(microtype)                `cmr-textcomp'.


Package microtype Warning: Unknown slot number of character
(microtype)                `\textquotestraightdblbase '
(microtype)                in font encoding `TS1' in protrusion list
(microtype)                `cmr-textcomp'.


Package microtype Warning: Unknown slot number of character
(microtype)                `\texttwelveudash '
(microtype)                in font encoding `TS1' in protrusion list
(microtype)                `cmr-textcomp'.


Package microtype Warning: Unknown slot number of character
(microtype)                `\textthreequartersemdash '
(microtype)                in font encoding `TS1' in protrusion list
(microtype)                `cmr-textcomp'.


Package microtype Warning: Unknown slot number of character
(microtype)                `\textquotesingle '
(microtype)                in font encoding `TS1' in protrusion list
(microtype)                `cmr-textcomp'.


Package microtype Warning: Unknown slot number of character
(microtype)                `\textasteriskcentered '
(microtype)                in font encoding `TS1' in protrusion list
(microtype)                `cmr-textcomp'.


Package microtype Warning: Unknown slot number of character
(microtype)                `\textoneoldstyle '
(microtype)                in font encoding `TS1' in protrusion list
(microtype)                `cmr-textcomp'.


Package microtype Warning: Unknown slot number of character
(microtype)                `\textthreeoldstyle '
(microtype)                in font encoding `TS1' in protrusion list
(microtype)                `cmr-textcomp'.


Package microtype Warning: Unknown slot number of character
(microtype)                `\textfouroldstyle '
(microtype)                in font encoding `TS1' in protrusion list
(microtype)                `cmr-textcomp'.


Package microtype Warning: Unknown slot number of character
(microtype)                `\textsevenoldstyle '
(microtype)                in font encoding `TS1' in protrusion list
(microtype)                `cmr-textcomp'.


Package microtype Warning: Unknown slot number of character
(microtype)                `\textlangle '
(microtype)                in font encoding `TS1' in protrusion list
(microtype)                `cmr-textcomp'.


Package microtype Warning: Unknown slot number of character
(microtype)                `\textrangle '
(microtype)                in font encoding `TS1' in protrusion list
(microtype)                `cmr-textcomp'.


Package microtype Warning: Unknown slot number of character
(microtype)                `\textminus '
(microtype)                in font encoding `TS1' in protrusion list
(microtype)                `cmr-textcomp'.


Package microtype Warning: Unknown slot number of character
(microtype)                `\texttildelow '
(microtype)                in font encoding `TS1' in protrusion list
(microtype)                `cmr-textcomp'.


Package microtype Warning: Unknown slot number of character
(microtype)                `\textdagger '
(microtype)                in font encoding `TS1' in protrusion list
(microtype)                `cmr-textcomp'.


Package microtype Warning: Unknown slot number of character
(microtype)                `\textdaggerdbl '
(microtype)                in font encoding `TS1' in protrusion list
(microtype)                `cmr-textcomp'.


Package microtype Warning: Unknown slot number of character
(microtype)                `\textbullet '
(microtype)                in font encoding `TS1' in protrusion list
(microtype)                `cmr-textcomp'.


Package microtype Warning: Unknown slot number of character
(microtype)                `\textcelsius '
(microtype)                in font encoding `TS1' in protrusion list
(microtype)                `cmr-textcomp'.


Package microtype Warning: Unknown slot number of character
(microtype)                `\textcolonmonetary '
(microtype)                in font encoding `TS1' in protrusion list
(microtype)                `cmr-textcomp'.


Package microtype Warning: Unknown slot number of character
(microtype)                `\texttrademark '
(microtype)                in font encoding `TS1' in protrusion list
(microtype)                `cmr-textcomp'.


Package microtype Warning: Unknown slot number of character
(microtype)                `\textcopyright '
(microtype)                in font encoding `TS1' in protrusion list
(microtype)                `cmr-textcomp'.


Package microtype Warning: Unknown slot number of character
(microtype)                `\textordfeminine '
(microtype)                in font encoding `TS1' in protrusion list
(microtype)                `cmr-textcomp'.


Package microtype Warning: Unknown slot number of character
(microtype)                `\textlnot '
(microtype)                in font encoding `TS1' in protrusion list
(microtype)                `cmr-textcomp'.


Package microtype Warning: Unknown slot number of character
(microtype)                `\textregistered '
(microtype)                in font encoding `TS1' in protrusion list
(microtype)                `cmr-textcomp'.


Package microtype Warning: Unknown slot number of character
(microtype)                `\textdegree '
(microtype)                in font encoding `TS1' in protrusion list
(microtype)                `cmr-textcomp'.


Package microtype Warning: Unknown slot number of character
(microtype)                `\textpm '
(microtype)                in font encoding `TS1' in protrusion list
(microtype)                `cmr-textcomp'.


Package microtype Warning: Unknown slot number of character
(microtype)                `\texttwosuperior '
(microtype)                in font encoding `TS1' in protrusion list
(microtype)                `cmr-textcomp'.


Package microtype Warning: Unknown slot number of character
(microtype)                `\textthreesuperior '
(microtype)                in font encoding `TS1' in protrusion list
(microtype)                `cmr-textcomp'.


Package microtype Warning: Unknown slot number of character
(microtype)                `\textperiodcentered '
(microtype)                in font encoding `TS1' in protrusion list
(microtype)                `cmr-textcomp'.


Package microtype Warning: Unknown slot number of character
(microtype)                `\textonesuperior '
(microtype)                in font encoding `TS1' in protrusion list
(microtype)                `cmr-textcomp'.


Package microtype Warning: Unknown slot number of character
(microtype)                `\textordmasculine '
(microtype)                in font encoding `TS1' in protrusion list
(microtype)                `cmr-textcomp'.


Package microtype Warning: Unknown slot number of character
(microtype)                `\texteuro '
(microtype)                in font encoding `TS1' in protrusion list
(microtype)                `cmr-textcomp'.


Package microtype Warning: Unknown slot number of character
(microtype)                `\texttimes '
(microtype)                in font encoding `TS1' in protrusion list
(microtype)                `cmr-textcomp'.


Package microtype Warning: Unknown slot number of character
(microtype)                `\textdiv '
(microtype)                in font encoding `TS1' in protrusion list
(microtype)                `cmr-textcomp'.

[31] [32] [33] [34]
<Figures/SR2dSchematic.pdf, id=1196, 498.08633pt x 283.81062pt>
File: Figures/SR2dSchematic.pdf Graphic file (type pdf)
<use Figures/SR2dSchematic.pdf>
Package pdftex.def Info: Figures/SR2dSchematic.pdf  used on input line 289.
(pdftex.def)             Requested size: 308.81033pt x 175.96075pt.
LaTeX Font Info:    External font `lmex10' loaded for size
(Font)              <10.95> on input line 290.
LaTeX Font Info:    External font `lmex10' loaded for size
(Font)              <8> on input line 290.
LaTeX Font Info:    External font `lmex10' loaded for size
(Font)              <6> on input line 290.
LaTeX Font Info:    Font shape `OT1/ptm/bx/n' in size <10.95> not available
(Font)              Font shape `OT1/ptm/b/n' tried instead on input line 290.
LaTeX Font Info:    Font shape `OT1/ptm/bx/n' in size <8> not available
(Font)              Font shape `OT1/ptm/b/n' tried instead on input line 290.
LaTeX Font Info:    Font shape `OT1/ptm/bx/n' in size <6> not available
(Font)              Font shape `OT1/ptm/b/n' tried instead on input line 290.
 [35] [36 <./Figures/SR2dSchematic.pdf>] [37]
LaTeX Font Info:    External font `lmex10' loaded for size
(Font)              <10> on input line 374.
LaTeX Font Info:    External font `lmex10' loaded for size
(Font)              <7.4> on input line 374.
LaTeX Font Info:    Font shape `OT1/ptm/bx/n' in size <10> not available
(Font)              Font shape `OT1/ptm/b/n' tried instead on input line 374.
LaTeX Font Info:    Font shape `OT1/ptm/bx/n' in size <7.4> not available
(Font)              Font shape `OT1/ptm/b/n' tried instead on input line 374.
LaTeX Font Info:    Calculating math sizes for size <7.4> on input line 374.
LaTeX Font Info:    External font `lmex10' loaded for size
(Font)              <5.17996> on input line 374.
LaTeX Font Info:    External font `lmex10' loaded for size
(Font)              <3.7> on input line 374.
LaTeX Font Info:    Font shape `OT1/ptm/bx/n' in size <5.17996> not available
(Font)              Font shape `OT1/ptm/b/n' tried instead on input line 374.
LaTeX Font Info:    Font shape `OT1/ptm/bx/n' in size <3.7> not available
(Font)              Font shape `OT1/ptm/b/n' tried instead on input line 374.
 [38]
<Figures/ULLSColormaps.pdf, id=1297, 1806.75pt x 1192.455pt>
File: Figures/ULLSColormaps.pdf Graphic file (type pdf)
<use Figures/ULLSColormaps.pdf>
Package pdftex.def Info: Figures/ULLSColormaps.pdf  used on input line 391.
(pdftex.def)             Requested size: 413.02063pt x 272.5849pt.
<Figures/ULLS_fiberAngle.pdf, id=1300, 712.6625pt x 552.0625pt>
File: Figures/ULLS_fiberAngle.pdf Graphic file (type pdf)
<use Figures/ULLS_fiberAngle.pdf>
Package pdftex.def Info: Figures/ULLS_fiberAngle.pdf  used on input line 401.
(pdftex.def)             Requested size: 458.91493pt x 355.49213pt.
<Figures/ULLS_SRfiber.pdf, id=1301, 758.835pt x 816.65097pt>
File: Figures/ULLS_SRfiber.pdf Graphic file (type pdf)
<use Figures/ULLS_SRfiber.pdf>
Package pdftex.def Info: Figures/ULLS_SRfiber.pdf  used on input line 410.
(pdftex.def)             Requested size: 458.91493pt x 493.88222pt.
<Figures/ULLS_Streamlines.pdf, id=1305, 1626.075pt x 1156.32pt>
File: Figures/ULLS_Streamlines.pdf Graphic file (type pdf)
<use Figures/ULLS_Streamlines.pdf>
Package pdftex.def Info: Figures/ULLS_Streamlines.pdf  used on input line 423.
(pdftex.def)             Requested size: 413.02063pt x 293.70201pt.
 [39] [40 <./Figures/ULLSColormaps.pdf>]
<Figures/ULLS_SRff.pdf, id=1405, 722.7pt x 534.79799pt>
File: Figures/ULLS_SRff.pdf Graphic file (type pdf)
<use Figures/ULLS_SRff.pdf>
Package pdftex.def Info: Figures/ULLS_SRff.pdf  used on input line 440.
(pdftex.def)             Requested size: 458.91493pt x 339.6011pt.
 [41 <./Figures/ULLS_fiberAngle.pdf>] [42 <./Figures/ULLS_SRfiber.pdf>] [43 <./Figures/ULLS_Streamlines.pdf>] [44 <./Figures/ULLS_SRff.pdf>]

LaTeX Warning: Float too large for page by 7.15892pt on input line 498.


LaTeX Warning: `!h' float specifier changed to `!ht'.

[45] [46


] [47] [48] [49] [50] [51] [52] [53] [54] [55]
<Figures/SRYO_Schematic.pdf, id=1877, 641.07468pt x 405.23515pt>
File: Figures/SRYO_Schematic.pdf Graphic file (type pdf)
<use Figures/SRYO_Schematic.pdf>
Package pdftex.def Info: Figures/SRYO_Schematic.pdf  used on input line 722.
(pdftex.def)             Requested size: 384.64777pt x 243.14296pt.
<Figures/SRYO_error.pdf, id=1881, 1300.86pt x 650.43pt>
File: Figures/SRYO_error.pdf Graphic file (type pdf)
<use Figures/SRYO_error.pdf>
Package pdftex.def Info: Figures/SRYO_error.pdf  used on input line 737.
(pdftex.def)             Requested size: 440.5614pt x 220.27982pt.
 [56]

LaTeX Warning: Text page 57 contains only floats.


Overfull \vbox (3.78577pt too high) has occurred while \output is active []

 [57 <./Figures/SRYO_Schematic.pdf> <./Figures/SRYO_error.pdf>] [58]
<Figures/SRYO_SRColormaps1.pdf, id=2081, 2312.64pt x 2312.64pt>
File: Figures/SRYO_SRColormaps1.pdf Graphic file (type pdf)
<use Figures/SRYO_SRColormaps1.pdf>
Package pdftex.def Info: Figures/SRYO_SRColormaps1.pdf  used on input line 770.
(pdftex.def)             Requested size: 275.35175pt x 275.35226pt.
<Figures/SRYO_SRColormaps2.pdf, id=2082, 2312.64pt x 2312.64pt>
File: Figures/SRYO_SRColormaps2.pdf Graphic file (type pdf)
<use Figures/SRYO_SRColormaps2.pdf>
Package pdftex.def Info: Figures/SRYO_SRColormaps2.pdf  used on input line 779.
(pdftex.def)             Requested size: 275.35175pt x 275.35226pt.
<Figures/SRYO_SRtemporal.pdf, id=2084, 1084.05pt x 1300.86pt>
File: Figures/SRYO_SRtemporal.pdf Graphic file (type pdf)
<use Figures/SRYO_SRtemporal.pdf>
Package pdftex.def Info: Figures/SRYO_SRtemporal.pdf  used on input line 789.
(pdftex.def)             Requested size: 413.02063pt x 495.62216pt.
 [59 <./Figures/SRYO_SRColormaps1.pdf>] [60 <./Figures/SRYO_SRColormaps2.pdf>] [61 <./Figures/SRYO_SRtemporal.pdf>] [62] [63] [64] [65] [66] [67]) [68]
\openout2 = `chapter4.aux'.

 (./chapter4.tex
Chapter 4.
[69



]
<Figures/CS2.pdf, id=2456, 757.3896pt x 289.08pt>
File: Figures/CS2.pdf Graphic file (type pdf)
<use Figures/CS2.pdf>
Package pdftex.def Info: Figures/CS2.pdf  used on input line 54.
(pdftex.def)             Requested size: 413.02063pt x 157.6403pt.
 [70] [71 <./Figures/CS2.pdf>] [72]
<Figures/CS1.pdf, id=2511, 867.24pt x 317.98799pt>
File: Figures/CS1.pdf Graphic file (type pdf)
<use Figures/CS1.pdf>
Package pdftex.def Info: Figures/CS1.pdf  used on input line 145.
(pdftex.def)             Requested size: 458.91493pt x 168.27081pt.
 [73] [74 <./Figures/CS1.pdf>]
Underfull \hbox (badness 10000) in paragraph at lines 228--231

 []

[75] [76] [77] [78] [79] [80]
<Figures/CS1_1.pdf, id=2624, 719.80919pt x 289.08pt>
File: Figures/CS1_1.pdf Graphic file (type pdf)
<use Figures/CS1_1.pdf>
Package pdftex.def Info: Figures/CS1_1.pdf  used on input line 315.
(pdftex.def)             Requested size: 413.02063pt x 165.87564pt.
 [81 <./Figures/CS1_1.pdf>]
<Figures/CS1_2.pdf, id=2735, 699.61375pt x 345.29pt>
File: Figures/CS1_2.pdf Graphic file (type pdf)
<use Figures/CS1_2.pdf>
Package pdftex.def Info: Figures/CS1_2.pdf  used on input line 335.
(pdftex.def)             Requested size: 413.02063pt x 203.84576pt.
 [82 <./Figures/CS1_2.pdf>] [83] [84]
<Figures/CS1_3.pdf, id=2824, 2924.9275pt x 1778.645pt>
File: Figures/CS1_3.pdf Graphic file (type pdf)
<use Figures/CS1_3.pdf>
Package pdftex.def Info: Figures/CS1_3.pdf  used on input line 425.
(pdftex.def)             Requested size: 458.91493pt x 279.05247pt.
 [85] [86 <./Figures/CS1_3.pdf>] [87] [88]
<Figures/CS1_4.pdf, id=2876, 822.0359pt x 418.65999pt>
File: Figures/CS1_4.pdf Graphic file (type pdf)
<use Figures/CS1_4.pdf>
Package pdftex.def Info: Figures/CS1_4.pdf  used on input line 500.
(pdftex.def)             Requested size: 458.91493pt x 233.71973pt.
<Figures/CS1_5.pdf, id=2878, 1228.59pt x 1156.32pt>
File: Figures/CS1_5.pdf Graphic file (type pdf)
<use Figures/CS1_5.pdf>
Package pdftex.def Info: Figures/CS1_5.pdf  used on input line 512.
(pdftex.def)             Requested size: 208.85753pt x 196.5718pt.
<Figures/CS1_6.pdf, id=2880, 1300.86pt x 664.88402pt>
File: Figures/CS1_6.pdf Graphic file (type pdf)
<use Figures/CS1_6.pdf>
Package pdftex.def Info: Figures/CS1_6.pdf  used on input line 523.
(pdftex.def)             Requested size: 413.02063pt x 211.09326pt.
<Figures/CS1_7.pdf, id=2882, 697.60625pt x 199.74625pt>
File: Figures/CS1_7.pdf Graphic file (type pdf)
<use Figures/CS1_7.pdf>
Package pdftex.def Info: Figures/CS1_7.pdf  used on input line 535.
(pdftex.def)             Requested size: 614.295pt x 175.90219pt.
 [89] [90 <./Figures/CS1_4.pdf>] [91 <./Figures/CS1_5.pdf> <./Figures/CS1_6.pdf>] [92 <./Figures/CS1_7.pdf>]
<Figures/CS1_8.pdf, id=2987, 1736.4875pt x 1447.4075pt>
File: Figures/CS1_8.pdf Graphic file (type pdf)
<use Figures/CS1_8.pdf>
Package pdftex.def Info: Figures/CS1_8.pdf  used on input line 557.
(pdftex.def)             Requested size: 458.91493pt x 382.50105pt.
<Figures/CS1_9.pdf, id=2989, 2136.98375pt x 1157.32375pt>
File: Figures/CS1_9.pdf Graphic file (type pdf)
<use Figures/CS1_9.pdf>
Package pdftex.def Info: Figures/CS1_9.pdf  used on input line 574.
(pdftex.def)             Requested size: 458.91493pt x 248.51955pt.
 [93] [94 <./Figures/CS1_8.pdf>]
<Figures/CS1_10.pdf, id=3012, 2168.1pt x 1835.65805pt>
File: Figures/CS1_10.pdf Graphic file (type pdf)
<use Figures/CS1_10.pdf>
Package pdftex.def Info: Figures/CS1_10.pdf  used on input line 609.
(pdftex.def)             Requested size: 413.02063pt x 349.67497pt.
 [95 <./Figures/CS1_9.pdf>]
<Figures/CS1_11.pdf, id=3026, 1011.78pt x 903.375pt>
File: Figures/CS1_11.pdf Graphic file (type pdf)
<use Figures/CS1_11.pdf>
Package pdftex.def Info: Figures/CS1_11.pdf  used on input line 626.
(pdftex.def)             Requested size: 413.02063pt x 368.77338pt.
<Figures/CS1_12.pdf, id=3028, 3035.34pt x 1445.4pt>
File: Figures/CS1_12.pdf Graphic file (type pdf)
<use Figures/CS1_12.pdf>
Package pdftex.def Info: Figures/CS1_12.pdf  used on input line 640.
(pdftex.def)             Requested size: 614.295pt x 292.51546pt.
<Figures/CS1_13.pdf, id=3030, 1699.34875pt x 1288.815pt>
File: Figures/CS1_13.pdf Graphic file (type pdf)
<use Figures/CS1_13.pdf>
Package pdftex.def Info: Figures/CS1_13.pdf  used on input line 653.
(pdftex.def)             Requested size: 458.91493pt x 348.0437pt.
 [96 <./Figures/CS1_10.pdf>] [97 <./Figures/CS1_11.pdf>]
<Figures/CS1_14.pdf, id=3128, 1806.75pt x 1589.94pt>
File: Figures/CS1_14.pdf Graphic file (type pdf)
<use Figures/CS1_14.pdf>
Package pdftex.def Info: Figures/CS1_14.pdf  used on input line 669.
(pdftex.def)             Requested size: 413.02063pt x 363.44655pt.
<Figures/CS1_15.pdf, id=3131, 1738.495pt x 898.35625pt>
File: Figures/CS1_15.pdf Graphic file (type pdf)
<use Figures/CS1_15.pdf>
Package pdftex.def Info: Figures/CS1_15.pdf  used on input line 679.
(pdftex.def)             Requested size: 458.91493pt x 237.13113pt.
 [98] [99 <./Figures/CS1_12.pdf>] [100 <./Figures/CS1_13.pdf>] [101 <./Figures/CS1_14.pdf>] [102 <./Figures/CS1_15.pdf>] [103] [104] [105] [106] [107] [108]
<Figures/CS2_1.pdf, id=3628, 935.89653pt x 794.97pt>
File: Figures/CS2_1.pdf Graphic file (type pdf)
<use Figures/CS2_1.pdf>
Package pdftex.def Info: Figures/CS2_1.pdf  used on input line 818.
(pdftex.def)             Requested size: 486.669pt x 413.38678pt.
 [109] [110 <./Figures/CS2_1.pdf>]
<Figures/CS2_2.pdf, id=3742, 3974.85pt x 2168.1pt>
File: Figures/CS2_2.pdf Graphic file (type pdf)
<use Figures/CS2_2.pdf>
Package pdftex.def Info: Figures/CS2_2.pdf  used on input line 864.
(pdftex.def)             Requested size: 614.295pt x 335.05956pt.
<Figures/CS2_4.pdf, id=3744, 3974.85pt x 2168.1pt>
File: Figures/CS2_4.pdf Graphic file (type pdf)
<use Figures/CS2_4.pdf>
Package pdftex.def Info: Figures/CS2_4.pdf  used on input line 878.
(pdftex.def)             Requested size: 614.295pt x 335.05956pt.
 [111] [112 <./Figures/CS2_2.pdf>] [113 <./Figures/CS2_4.pdf>]) [114] [115] [116]
\openout2 = `chapter5.aux'.

 (./chapter5.tex
Chapter 5.
[117



] [118] [119] [120]
<Figures/DiffusionPS.pdf, id=4049, 531.63928pt x 192.32492pt>
File: Figures/DiffusionPS.pdf Graphic file (type pdf)
<use Figures/DiffusionPS.pdf>
Package pdftex.def Info: Figures/DiffusionPS.pdf  used on input line 152.
(pdftex.def)             Requested size: 458.91493pt x 166.01834pt.
 [121] [122 <./Figures/DiffusionPS.pdf>] [123]
<Figures/DiffusionFA.pdf, id=4089, 395.05472pt x 168.77504pt>
File: Figures/DiffusionFA.pdf Graphic file (type pdf)
<use Figures/DiffusionFA.pdf>
Package pdftex.def Info: Figures/DiffusionFA.pdf  used on input line 210.
(pdftex.def)             Requested size: 316.04419pt x 135.0202pt.
 [124 <./Figures/DiffusionFA.pdf>]
<Figures/EPI.pdf, id=4117, 1459.33904pt x 562.10098pt>
File: Figures/EPI.pdf Graphic file (type pdf)
<use Figures/EPI.pdf>
Package pdftex.def Info: Figures/EPI.pdf  used on input line 235.
(pdftex.def)             Requested size: 458.91493pt x 176.76254pt.
 [125 <./Figures/EPI.pdf>]
<Figures/STEAM_Phase.pdf, id=4147, 722.7pt x 686.565pt>
File: Figures/STEAM_Phase.pdf Graphic file (type pdf)
<use Figures/STEAM_Phase.pdf>
Package pdftex.def Info: Figures/STEAM_Phase.pdf  used on input line 264.
(pdftex.def)             Requested size: 458.91493pt x 435.97441pt.


LaTeX Warning: `!h' float specifier changed to `!ht'.

[126] [127 <./Figures/STEAM_Phase.pdf>]
<Figures/STEAM_GE.pdf, id=4178, 744.38098pt x 592.61403pt>
File: Figures/STEAM_GE.pdf Graphic file (type pdf)
<use Figures/STEAM_GE.pdf>
Package pdftex.def Info: Figures/STEAM_GE.pdf  used on input line 322.
(pdftex.def)             Requested size: 321.23904pt x 255.7414pt.
 [128]

Package amsmath Warning: Cannot use `split' here;
(amsmath)                trying to recover with `aligned' on input line 359.


Package amsmath Warning: Cannot use `split' here;
(amsmath)                trying to recover with `aligned' on input line 364.

[129 <./Figures/STEAM_GE.pdf>] [130]) [131]
\openout2 = `chapter6.aux'.

 (./chapter6.tex
Chapter 6.

Overfull \hbox (2.14172pt too wide) in paragraph at lines 14--14
[]\OT1/lmr/bx/n/17.28 Monitoring Changes in the Me-dial Gas-troc-ne-mius
 []

[132



] [133] [134] [135] [136]
<Figures/DTI_flowchart.pdf, id=4299, 438.43729pt x 162.4497pt>
File: Figures/DTI_flowchart.pdf Graphic file (type pdf)
<use Figures/DTI_flowchart.pdf>
Package pdftex.def Info: Figures/DTI_flowchart.pdf  used on input line 113.
(pdftex.def)             Requested size: 413.02063pt x 153.04231pt.
 [137]
Overfull \hbox (4.90303pt too wide) in paragraph at lines 121--125
[]\OT1/lmr/m/n/12 (-20) The model used here closely fol-lows that pro-posed orig-i-nally by Karampinos et al. [[]].
 []

[138] [139 <./Figures/DTI_flowchart.pdf>] [140]
<Figures/FibersModel.pdf, id=4367, 1011.78pt x 722.7pt>
File: Figures/FibersModel.pdf Graphic file (type pdf)
<use Figures/FibersModel.pdf>
Package pdftex.def Info: Figures/FibersModel.pdf  used on input line 179.
(pdftex.def)             Requested size: 303.53633pt x 216.81166pt.

Overfull \hbox (10.08946pt too wide) in paragraph at lines 173--191
[]\OT1/lmr/m/n/12 (-20) The multi-compartment dif-fu-sion model used here is orig-i-nally pro-posed by K^^?arger [[]]
 []

[141 <./Figures/FibersModel.pdf>] [142] [143]
<Figures/DTI_2compart.pdf, id=4439, 614.295pt x 621.52202pt>
File: Figures/DTI_2compart.pdf Graphic file (type pdf)
<use Figures/DTI_2compart.pdf>
Package pdftex.def Info: Figures/DTI_2compart.pdf  used on input line 295.
(pdftex.def)             Requested size: 458.91493pt x 464.31952pt.
 [144]
Underfull \hbox (badness 4595) in paragraph at lines 324--325
[]\OT1/lmr/m/n/10 (+20) significant dif-fer-ence be-tween pre- and post-
 []

<Figures/KargerPlots.pdf, id=4448, 711.93518pt x 420.19754pt>
File: Figures/KargerPlots.pdf Graphic file (type pdf)
<use Figures/KargerPlots.pdf>
Package pdftex.def Info: Figures/KargerPlots.pdf  used on input line 339.
(pdftex.def)             Requested size: 458.91493pt x 270.86824pt.
[145 <./Figures/DTI_2compart.pdf>] [146] [147 <./Figures/KargerPlots.pdf>] [148] [149] [150] [151] [152] [153]
<Figures/STEAM_Phantom.pdf, id=5100, 773.28903pt x 549.25201pt>
File: Figures/STEAM_Phantom.pdf Graphic file (type pdf)
<use Figures/STEAM_Phantom.pdf>
Package pdftex.def Info: Figures/STEAM_Phantom.pdf  used on input line 486.
(pdftex.def)             Requested size: 413.02063pt x 293.35664pt.
 [154]
<Figures/STEAM_EV.pdf, id=5108, 794.97pt x 303.534pt>
File: Figures/STEAM_EV.pdf Graphic file (type pdf)
<use Figures/STEAM_EV.pdf>
Package pdftex.def Info: Figures/STEAM_EV.pdf  used on input line 509.
(pdftex.def)             Requested size: 413.02063pt x 157.70427pt.
<Figures/RPBM_fit.pdf, id=5112, 829.0975pt x 417.56pt>
File: Figures/RPBM_fit.pdf Graphic file (type pdf)
<use Figures/RPBM_fit.pdf>
Package pdftex.def Info: Figures/RPBM_fit.pdf  used on input line 547.
(pdftex.def)             Requested size: 458.91493pt x 231.12413pt.
 [155 <./Figures/STEAM_Phantom.pdf>] [156 <./Figures/STEAM_EV.pdf>] [157 <./Figures/RPBM_fit.pdf>] [158]) [159]
\openout2 = `chapter7.aux'.

 (./chapter7.tex
Chapter 7.
[160



]) [161]
Appendix A.
<IRB.pdf, id=5263, 614.295pt x 794.97pt>
File: IRB.pdf Graphic file (type pdf)
<use IRB.pdf>
Package pdftex.def Info: IRB.pdf  used on input line 261.
(pdftex.def)             Requested size: 614.29349pt x 794.96806pt.
File: IRB.pdf Graphic file (type pdf)
<use IRB.pdf>
Package pdftex.def Info: IRB.pdf  used on input line 261.
(pdftex.def)             Requested size: 614.29349pt x 794.96806pt.
<IRB.pdf, id=5266, page=1, 614.295pt x 794.97pt>
File: IRB.pdf Graphic file (type pdf)
<use IRB.pdf, page 1>
Package pdftex.def Info: IRB.pdf , page1 used on input line 261.
(pdftex.def)             Requested size: 614.29349pt x 794.96806pt.
File: IRB.pdf Graphic file (type pdf)
<use IRB.pdf, page 1>
Package pdftex.def Info: IRB.pdf , page1 used on input line 261.
(pdftex.def)             Requested size: 522.15321pt x 675.72769pt.
[162


]
File: IRB.pdf Graphic file (type pdf)
<use IRB.pdf, page 1>
Package pdftex.def Info: IRB.pdf , page1 used on input line 261.
(pdftex.def)             Requested size: 522.15321pt x 675.72769pt.
File: IRB.pdf Graphic file (type pdf)
<use IRB.pdf, page 1>
Package pdftex.def Info: IRB.pdf , page1 used on input line 261.
(pdftex.def)             Requested size: 522.15321pt x 675.72769pt.
File: IRB.pdf Graphic file (type pdf)
<use IRB.pdf, page 1>
Package pdftex.def Info: IRB.pdf , page1 used on input line 261.
(pdftex.def)             Requested size: 522.15321pt x 675.72769pt.
 [163 <./IRB.pdf>]
<IRB.pdf, id=5302, page=2, 614.295pt x 794.97pt>
File: IRB.pdf Graphic file (type pdf)
<use IRB.pdf, page 2>
Package pdftex.def Info: IRB.pdf , page2 used on input line 261.
(pdftex.def)             Requested size: 522.15321pt x 675.72769pt.
File: IRB.pdf Graphic file (type pdf)
<use IRB.pdf, page 2>
Package pdftex.def Info: IRB.pdf , page2 used on input line 261.
(pdftex.def)             Requested size: 522.15321pt x 675.72769pt.
File: IRB.pdf Graphic file (type pdf)
<use IRB.pdf, page 2>
Package pdftex.def Info: IRB.pdf , page2 used on input line 261.
(pdftex.def)             Requested size: 522.15321pt x 675.72769pt.
 [164 <./IRB.pdf>] (/Users/vadmalis/Desktop/PhDissertation/.texpadtmp/template.bbl

Package hyperref Warning: bookmark level for unknown backmatter defaults to 0.

[165

] [166] [167] [168] [169] [170] [171] [172] [173] [174] [175]) [176]
Package atveryend Info: Empty hook `BeforeClearDocument' on input line 283.
Package atveryend Info: Empty hook `AfterLastShipout' on input line 283.
 (/Users/vadmalis/Desktop/PhDissertation/.texpadtmp/template.aux (/Users/vadmalis/Desktop/PhDissertation/.texpadtmp/template_frontmatter.aux) (/Users/vadmalis/Desktop/PhDissertation/.texpadtmp/chapter1.aux) (/Users/vadmalis/Desktop/PhDissertation/.texpadtmp/chapter2.aux) (/Users/vadmalis/Desktop/PhDissertation/.texpadtmp/chapter3.aux) (/Users/vadmalis/Desktop/PhDissertation/.texpadtmp/chapter4.aux) (/Users/vadmalis/Desktop/PhDissertation/.texpadtmp/chapter5.aux) (/Users/vadmalis/Desktop/PhDissertation/.texpadtmp/chapter6.aux) (/Users/vadmalis/Desktop/PhDissertation/.texpadtmp/chapter7.aux))
Package atveryend Info: Executing hook `AtVeryEndDocument' on input line 283.
Package atveryend Info: Empty hook `AtEndAfterFileList' on input line 283.


LaTeX Warning: There were multiply-defined labels.

Package atveryend Info: Empty hook `AtVeryVeryEnd' on input line 283.
 )
(\end occurred inside a group at level 1)

### semi simple group (level 1) entered at line 129 (\begingroup)
### bottom level 
Here is how much of TeX's memory you used:
 34862 strings out of 492649
 678895 string characters out of 6129622
 787191 words of memory out of 5000000
 37213 multiletter control sequences out of 15000+600000
 745567 words of font info for 288 fonts, out of 8000000 for 9000
 1144 hyphenation exceptions out of 8191
 64i,27n,60p,10381b,17773s stack positions out of 5000i,500n,10000p,200000b,80000s
{/usr/local/texlive/2018/texmf-dist/fonts/enc/dvips/lm/lm-rm.enc}{/usr/local/texlive/2018/texmf-dist/fonts/enc/dvips/lm/lm-mathit.enc}{/usr/local/texlive/2018/texmf-dist/fonts/enc/dvips/lm/lm-mathsy.enc}{/usr/local/texlive/2018/texmf-dist/fonts/enc/dvips/lm/lm-ts1.enc}{/usr/local/texlive/2018/texmf-dist/fonts/enc/dvips/lm/lm-mathex.enc}</usr/local/texlive/2018/texmf-dist/fonts/type1/public/amsfonts/cm/cmbx10.pfb></usr/local/texlive/2018/texmf-dist/fonts/type1/public/amsfonts/cm/cmbx7.pfb></usr/local/texlive/2018/texmf-dist/fonts/type1/public/amsfonts/cm/cmex10.pfb></usr/local/texlive/2018/texmf-dist/fonts/type1/public/amsfonts/cm/cmmi10.pfb></usr/local/texlive/2018/texmf-dist/fonts/type1/public/amsfonts/cm/cmmi7.pfb></usr/local/texlive/2018/texmf-dist/fonts/type1/public/amsfonts/cm/cmr10.pfb></usr/local/texlive/2018/texmf-dist/fonts/type1/public/amsfonts/cm/cmr7.pfb></usr/local/texlive/2018/texmf-dist/fonts/type1/public/amsfonts/cm/cmsy10.pfb></usr/local/texlive/2018/texmf-dist/fonts/type1/public/amsfonts/cm/cmsy7.pfb></usr/local/texlive/2018/texmf-dist/fonts/type1/public/amsfonts/cm/cmti10.pfb></usr/local/texlive/2018/texmf-dist/fonts/type1/public/lm/lmbx10.pfb></usr/local/texlive/2018/texmf-dist/fonts/type1/public/lm/lmbx12.pfb></usr/local/texlive/2018/texmf-dist/fonts/type1/public/lm/lmbx9.pfb></usr/local/texlive/2018/texmf-dist/fonts/type1/public/lm/lmbxi10.pfb></usr/local/texlive/2018/texmf-dist/fonts/type1/public/lm/lmex10.pfb></usr/local/texlive/2018/texmf-dist/fonts/type1/public/lm/lmmi10.pfb></usr/local/texlive/2018/texmf-dist/fonts/type1/public/lm/lmmi12.pfb></usr/local/texlive/2018/texmf-dist/fonts/type1/public/lm/lmmi7.pfb></usr/local/texlive/2018/texmf-dist/fonts/type1/public/lm/lmmi8.pfb></usr/local/texlive/2018/texmf-dist/fonts/type1/public/lm/lmmi9.pfb></usr/local/texlive/2018/texmf-dist/fonts/type1/public/lm/lmmib10.pfb></usr/local/texlive/2018/texmf-dist/fonts/type1/public/lm/lmr10.pfb></usr/local/texlive/2018/texmf-dist/fonts/type1/public/lm/lmr12.pfb></usr/local/texlive/2018/te
xmf-dist/fonts/type1/public/lm/lmr7.pfb></usr/local/texlive/2018/texmf-dist/fonts/type1/public/lm/lmr8.pfb></usr/local/texlive/2018/texmf-dist/fonts/type1/public/lm/lmr9.pfb></usr/local/texlive/2018/texmf-dist/fonts/type1/public/lm/lmri10.pfb></usr/local/texlive/2018/texmf-dist/fonts/type1/public/lm/lmri12.pfb></usr/local/texlive/2018/texmf-dist/fonts/type1/public/lm/lmsy10.pfb></usr/local/texlive/2018/texmf-dist/fonts/type1/public/lm/lmsy7.pfb></usr/local/texlive/2018/texmf-dist/fonts/type1/public/lm/lmsy8.pfb></usr/local/texlive/2018/texmf-dist/fonts/type1/public/lm/lmsy9.pfb></usr/local/texlive/2018/texmf-dist/fonts/type1/public/amsfonts/symbols/msam10.pfb></usr/local/texlive/2018/texmf-dist/fonts/type1/public/amsfonts/symbols/msbm10.pfb></usr/local/texlive/2018/texmf-dist/fonts/type1/public/cm-super/sfrm1000.pfb>
Output written on /Users/vadmalis/Desktop/PhDissertation/.texpadtmp/template.pdf (195 pages, 64523427 bytes).
PDF statistics:
 5807 PDF objects out of 6186 (max. 8388607)
 4734 compressed objects within 48 object streams
 641 named destinations out of 1000 (max. 500000)
 60258 words of extra memory for PDF output out of 61914 (max. 10000000)

